Log file open, 01/27/25 16:19:36
LogWindows: Failed to load 'aqProf.dll' (GetLastError=126)
LogWindows: File 'aqProf.dll' does not exist
LogWindows: Failed to load 'VtuneApi.dll' (GetLastError=126)
LogWindows: File 'VtuneApi.dll' does not exist
LogWindows: Failed to load 'VtuneApi32e.dll' (GetLastError=126)
LogWindows: File 'VtuneApi32e.dll' does not exist
LogConsoleResponse: Display: Failed to find resolution value strings in scalability ini. Falling back to default.
LogConsoleResponse: Display: Failed to find resolution value strings in scalability ini. Falling back to default.
LogInit: Display: Running engine for game: XYZ_Course
LogPlatformFile: Not using cached read wrapper
LogTaskGraph: Started task graph with 5 named threads and 47 total threads with 3 sets of task threads.
LogStats: Stats thread started at 0.200376
LogICUInternationalization: ICU TimeZone Detection - Raw Offset: +3:00, Platform Override: ''
LogInit: Display: Loading text-based GConfig....
LogPluginManager: Mounting plugin MeshPainting
LogPluginManager: Mounting plugin XGEController
LogPluginManager: Mounting plugin Paper2D
LogPluginManager: Mounting plugin AISupport
LogPluginManager: Mounting plugin LiveLink
LogPluginManager: Mounting plugin EnvironmentQueryEditor
LogPluginManager: Mounting plugin LightPropagationVolume
LogPluginManager: Mounting plugin OodleData
LogPluginManager: Mounting plugin OodleNetwork
LogPluginManager: Mounting plugin CameraShakePreviewer
LogPluginManager: Mounting plugin GameplayCameras
LogPluginManager: Mounting plugin AnimationSharing
LogPluginManager: Mounting plugin CodeLiteSourceCodeAccess
LogPluginManager: Mounting plugin GitSourceControl
LogPluginManager: Mounting plugin KDevelopSourceCodeAccess
LogPluginManager: Mounting plugin CLionSourceCodeAccess
LogPluginManager: Mounting plugin NullSourceCodeAccess
LogPluginManager: Mounting plugin PerforceSourceControl
LogPluginManager: Mounting plugin PixWinPlugin
LogPluginManager: Mounting plugin PluginUtils
LogPluginManager: Mounting plugin PlasticSourceControl
LogPluginManager: Mounting plugin PropertyAccessNode
LogPluginManager: Mounting plugin AssetManagerEditor
LogPluginManager: Mounting plugin SubversionSourceControl
LogPluginManager: Mounting plugin RiderSourceCodeAccess
LogPluginManager: Mounting plugin UObjectPlugin
LogPluginManager: Mounting plugin TextureFormatOodle
LogPluginManager: Mounting plugin VisualStudioSourceCodeAccess
LogPluginManager: Mounting plugin CryptoKeys
LogPluginManager: Mounting plugin XCodeSourceCodeAccess
LogPluginManager: Mounting plugin VisualStudioCodeSourceCodeAccess
LogPluginManager: Mounting plugin DataValidation
LogPluginManager: Mounting plugin CurveEditorTools
LogPluginManager: Mounting plugin AlembicImporter
LogPluginManager: Mounting plugin FacialAnimation
LogPluginManager: Mounting plugin GameplayTagsEditor
LogPluginManager: Mounting plugin AutomationUtils
LogPluginManager: Mounting plugin MacGraphicsSwitching
LogPluginManager: Mounting plugin BackChannel
LogPluginManager: Mounting plugin GeometryMode
LogPluginManager: Mounting plugin MaterialAnalyzer
LogPluginManager: Mounting plugin MobileLauncherProfileWizard
LogPluginManager: Mounting plugin PluginBrowser
LogPluginManager: Mounting plugin SpeedTreeImporter
LogPluginManager: Mounting plugin ChaosClothEditor
LogPluginManager: Mounting plugin ChaosCloth
LogPluginManager: Mounting plugin ChaosEditor
LogPluginManager: Mounting plugin ChaosSolverPlugin
LogPluginManager: Mounting plugin CharacterAI
LogPluginManager: Mounting plugin ChaosNiagara
LogPluginManager: Mounting plugin GeometryCache
LogPluginManager: Mounting plugin GeometryCollectionPlugin
LogPluginManager: Mounting plugin GeometryProcessing
LogPluginManager: Mounting plugin MotoSynth
LogPluginManager: Mounting plugin OpenImageDenoise
LogPluginManager: Mounting plugin PlanarCut
LogPluginManager: Mounting plugin PlatformCrypto
LogPluginManager: Mounting plugin ProxyLODPlugin
LogPluginManager: Mounting plugin PythonScriptPlugin
LogPluginManager: Mounting plugin DatasmithContent
LogPluginManager: Mounting plugin SkeletalReduction
LogPluginManager: Mounting plugin Niagara
LogPluginManager: Mounting plugin VariantManagerContent
LogPluginManager: Mounting plugin LuminPlatformFeatures
LogPluginManager: Mounting plugin MagicLeap
LogPluginManager: Mounting plugin MagicLeapLightEstimation
LogPluginManager: Mounting plugin MagicLeapMedia
LogPluginManager: Mounting plugin MagicLeapPassableWorld
LogPluginManager: Mounting plugin MLSDK
LogPluginManager: Mounting plugin AndroidMedia
LogPluginManager: Mounting plugin AvfMedia
LogPluginManager: Mounting plugin ImgMedia
LogPluginManager: Mounting plugin MediaCompositing
LogPluginManager: Mounting plugin TcpMessaging
LogPluginManager: Mounting plugin ActorSequence
LogPluginManager: Mounting plugin UdpMessaging
LogPluginManager: Mounting plugin MediaPlayerEditor
LogPluginManager: Mounting plugin LevelSequenceEditor
LogPluginManager: Mounting plugin WebMMedia
LogPluginManager: Mounting plugin MatineeToLevelSequence
LogPluginManager: Mounting plugin WmfMedia
LogPluginManager: Mounting plugin TemplateSequence
LogPluginManager: Mounting plugin OnlineSubsystem
LogPluginManager: Mounting plugin OnlineSubsystemNull
LogPluginManager: Mounting plugin LauncherChunkInstaller
LogPluginManager: Mounting plugin OnlineSubsystemUtils
LogPluginManager: Mounting plugin ActorLayerUtilities
LogPluginManager: Mounting plugin AndroidDeviceProfileSelector
LogPluginManager: Mounting plugin AndroidMoviePlayer
LogPluginManager: Mounting plugin AndroidPermission
LogPluginManager: Mounting plugin AppleImageUtils
LogPluginManager: Mounting plugin AppleMoviePlayer
LogPluginManager: Mounting plugin AssetTags
LogPluginManager: Mounting plugin ArchVisCharacter
LogPluginManager: Mounting plugin AudioCapture
LogPluginManager: Mounting plugin AudioSynesthesia
LogPluginManager: Mounting plugin CableComponent
LogPluginManager: Mounting plugin ChunkDownloader
LogPluginManager: Mounting plugin CustomMeshComponent
LogPluginManager: Mounting plugin EditableMesh
LogPluginManager: Mounting plugin ExampleDeviceProfileSelector
LogPluginManager: Mounting plugin GoogleCloudMessaging
LogPluginManager: Mounting plugin GooglePAD
LogPluginManager: Mounting plugin IOSDeviceProfileSelector
LogPluginManager: Mounting plugin LinuxDeviceProfileSelector
LogPluginManager: Mounting plugin LocationServicesBPLibrary
LogPluginManager: Mounting plugin MobilePatchingUtils
LogPluginManager: Mounting plugin OpenXR
LogPluginManager: Mounting plugin OpenXREyeTracker
LogPluginManager: Mounting plugin OpenXRHandTracking
LogPluginManager: Mounting plugin PostSplashScreen
LogPluginManager: Mounting plugin PhysXVehicles
LogPluginManager: Mounting plugin ProceduralMeshComponent
LogPluginManager: Mounting plugin PropertyAccessEditor
LogPluginManager: Mounting plugin RuntimePhysXCooking
LogPluginManager: Mounting plugin SoundFields
LogPluginManager: Mounting plugin SignificanceManager
LogPluginManager: Mounting plugin Synthesis
LogPluginManager: Mounting plugin WebMMoviePlayer
LogPluginManager: Mounting plugin WindowsMoviePlayer
LogPluginManager: Mounting plugin ScreenshotTools
LogPluginManager: Mounting plugin Takes
LogPluginManager: Mounting plugin ContentBrowserAssetDataSource
LogPluginManager: Mounting plugin ContentBrowserClassDataSource
LogPluginManager: Mounting plugin ContentBrowserFileDataSource
LogPluginManager: Mounting plugin OnlineSubsystemGooglePlay
LogPluginManager: Mounting plugin OnlineSubsystemIOS
LogPluginManager: Mounting plugin OculusVR
LogPluginManager: Mounting plugin SteamVR
PixWinPlugin: PIX capture plugin failed to initialize! Check that the process is launched from PIX.
LogLuminAPIImpl: Warning: MLSDK not found.  This likely means the MLSDK environment variable is not set.
LogInit: Using libcurl 7.55.1-DEV
LogInit:  - built for x86_64-pc-win32
LogInit:  - supports SSL with OpenSSL/1.1.1
LogInit:  - supports HTTP deflate (compression) using libz 1.2.8
LogInit:  - other features:
LogInit:      CURL_VERSION_SSL
LogInit:      CURL_VERSION_LIBZ
LogInit:      CURL_VERSION_IPV6
LogInit:      CURL_VERSION_ASYNCHDNS
LogInit:      CURL_VERSION_LARGEFILE
LogInit:      CURL_VERSION_IDN
LogInit:  CurlRequestOptions (configurable via config and command line):
LogInit:  - bVerifyPeer = true  - Libcurl will verify peer certificate
LogInit:  - bUseHttpProxy = false  - Libcurl will NOT use HTTP proxy
LogInit:  - bDontReuseConnections = false  - Libcurl will reuse connections
LogInit:  - MaxHostConnections = 16  - Libcurl will limit the number of connections to a host
LogInit:  - LocalHostAddr = Default
LogInit:  - BufferSize = 65536
LogOnline: OSS: Creating online subsystem instance for: NULL
LogInit: WinSock: version 1.1 (2.2), MaxSocks=32767, MaxUdp=65467
LogOnline: OSS: TryLoadSubsystemAndSetDefault: Loaded subsystem for module [NULL]
LogOculusPluginWrapper: OculusPlugin initialized successfully
LogHMD: Failed initializing OVRPlugin 1.59.0
LogInit: Build: ++UE4+Release-4.27-CL-18319896
LogInit: Engine Version: 4.27.2-18319896+++UE4+Release-4.27
LogInit: Compatible Engine Version: 4.27.0-17155196+++UE4+Release-4.27
LogInit: Net CL: 17155196
LogInit: OS: Windows 10 (Release 2009) (), CPU: AMD Ryzen 7 5800X 8-Core Processor             , GPU: NVIDIA GeForce RTX 3070 Ti
LogInit: Compiled (64-bit): Nov 30 2021 07:12:08
LogInit: Compiled with Visual C++: 19.24.28315.00
LogInit: Build Configuration: Development
LogInit: Branch Name: ++UE4+Release-4.27
LogInit: Command Line:  -AUTH_LOGIN=unused -AUTH_PASSWORD=8df60b219458488eb9f192ae49066127 -AUTH_TYPE=exchangecode -epicapp=UE_4.27 -epicenv=Prod -EpicPortal -epicusername=r1nz0r -epicuserid=1569b0a679f54c378e690dd78fe53a68 -epiclocale=ru -epicsandboxid=ue
LogInit: Base Directory: D:/Program Files/Epic Games/UE_4.27/Engine/Binaries/Win64/
LogInit: Allocator: TBB
LogInit: Installed Engine Build: 1
LogDevObjectVersion: Number of dev versions registered: 29
LogDevObjectVersion:   Dev-Blueprints (B0D832E4-1F89-4F0D-ACCF-7EB736FD4AA2): 10
LogDevObjectVersion:   Dev-Build (E1C64328-A22C-4D53-A36C-8E866417BD8C): 0
LogDevObjectVersion:   Dev-Core (375EC13C-06E4-48FB-B500-84F0262A717E): 4
LogDevObjectVersion:   Dev-Editor (E4B068ED-F494-42E9-A231-DA0B2E46BB41): 40
LogDevObjectVersion:   Dev-Framework (CFFC743F-43B0-4480-9391-14DF171D2073): 37
LogDevObjectVersion:   Dev-Mobile (B02B49B5-BB20-44E9-A304-32B752E40360): 3
LogDevObjectVersion:   Dev-Networking (A4E4105C-59A1-49B5-A7C5-40C4547EDFEE): 0
LogDevObjectVersion:   Dev-Online (39C831C9-5AE6-47DC-9A44-9C173E1C8E7C): 0
LogDevObjectVersion:   Dev-Physics (78F01B33-EBEA-4F98-B9B4-84EACCB95AA2): 14
LogDevObjectVersion:   Dev-Platform (6631380F-2D4D-43E0-8009-CF276956A95A): 0
LogDevObjectVersion:   Dev-Rendering (12F88B9F-8875-4AFC-A67C-D90C383ABD29): 45
LogDevObjectVersion:   Dev-Sequencer (7B5AE74C-D270-4C10-A958-57980B212A5A): 13
LogDevObjectVersion:   Dev-VR (D7296918-1DD6-4BDD-9DE2-64A83CC13884): 3
LogDevObjectVersion:   Dev-LoadTimes (C2A15278-BFE7-4AFE-6C17-90FF531DF755): 1
LogDevObjectVersion:   Private-Geometry (6EACA3D4-40EC-4CC1-B786-8BED09428FC5): 3
LogDevObjectVersion:   Dev-AnimPhys (29E575DD-E0A3-4627-9D10-D276232CDCEA): 17
LogDevObjectVersion:   Dev-Anim (AF43A65D-7FD3-4947-9873-3E8ED9C1BB05): 15
LogDevObjectVersion:   Dev-ReflectionCapture (6B266CEC-1EC7-4B8F-A30B-E4D90942FC07): 1
LogDevObjectVersion:   Dev-Automation (0DF73D61-A23F-47EA-B727-89E90C41499A): 1
LogDevObjectVersion:   FortniteMain (601D1886-AC64-4F84-AA16-D3DE0DEAC7D6): 47
LogDevObjectVersion:   FortniteRelease (E7086368-6B23-4C58-8439-1B7016265E91): 1
LogDevObjectVersion:   Dev-Enterprise (9DFFBCD6-494F-0158-E221-12823C92A888): 10
LogDevObjectVersion:   Dev-Niagara (F2AED0AC-9AFE-416F-8664-AA7FFA26D6FC): 1
LogDevObjectVersion:   Dev-Destruction (174F1F0B-B4C6-45A5-B13F-2EE8D0FB917D): 10
LogDevObjectVersion:   Dev-Physics-Ext (35F94A83-E258-406C-A318-09F59610247C): 41
LogDevObjectVersion:   Dev-PhysicsMaterial-Chaos (B68FC16E-8B1B-42E2-B453-215C058844FE): 1
LogDevObjectVersion:   Dev-CineCamera (B2E18506-4273-CFC2-A54E-F4BB758BBA07): 1
LogDevObjectVersion:   Dev-VirtualProduction (64F58936-FD1B-42BA-BA96-7289D5D0FA4E): 1
LogDevObjectVersion:   Dev-MediaFramework (6F0ED827-A609-4895-9C91-998D90180EA4): 2
LogInit: Presizing for max 25165824 objects, including 0 objects not considered by GC, pre-allocating 0 bytes for permanent pool.
LogConfig: Applying CVar settings from Section [/Script/Engine.StreamingSettings] File [D:/UE5/Projects/Learn/XYZ_Course/XYZ_Course/Saved/Config/Windows/Engine.ini]
LogConfig: Setting CVar [[s.MinBulkDataSizeForAsyncLoading:131072]]
LogConfig: Setting CVar [[s.AsyncLoadingThreadEnabled:0]]
LogConfig: Setting CVar [[s.EventDrivenLoaderEnabled:1]]
LogConfig: Setting CVar [[s.WarnIfTimeLimitExceeded:0]]
LogConfig: Setting CVar [[s.TimeLimitExceededMultiplier:1.5]]
LogConfig: Setting CVar [[s.TimeLimitExceededMinTime:0.005]]
LogConfig: Setting CVar [[s.UseBackgroundLevelStreaming:1]]
LogConfig: Setting CVar [[s.PriorityAsyncLoadingExtraTime:15.0]]
LogConfig: Setting CVar [[s.LevelStreamingActorsUpdateTimeLimit:5.0]]
LogConfig: Setting CVar [[s.PriorityLevelStreamingActorsUpdateExtraTime:5.0]]
LogConfig: Setting CVar [[s.LevelStreamingComponentsRegistrationGranularity:10]]
LogConfig: Setting CVar [[s.UnregisterComponentsTimeLimit:1.0]]
LogConfig: Setting CVar [[s.LevelStreamingComponentsUnregistrationGranularity:5]]
LogConfig: Setting CVar [[s.FlushStreamingOnExit:1]]
LogInit: Object subsystem initialized
LogConfig: Setting CVar [[con.DebugEarlyDefault:1]]
LogConfig: Setting CVar [[r.setres:1280x720]]
[2025.01.27-13.19.36:900][  0]LogConfig: Setting CVar [[r.VSync:0]]
[2025.01.27-13.19.36:900][  0]LogConfig: Setting CVar [[r.RHICmdBypass:0]]
[2025.01.27-13.19.36:900][  0]LogConfig: Applying CVar settings from Section [/Script/Engine.RendererSettings] File [D:/UE5/Projects/Learn/XYZ_Course/XYZ_Course/Saved/Config/Windows/Engine.ini]
[2025.01.27-13.19.36:900][  0]LogConfig: Setting CVar [[r.GPUCrashDebugging:0]]
[2025.01.27-13.19.36:900][  0]LogConfig: Applying CVar settings from Section [/Script/Engine.RendererOverrideSettings] File [D:/UE5/Projects/Learn/XYZ_Course/XYZ_Course/Saved/Config/Windows/Engine.ini]
[2025.01.27-13.19.36:900][  0]LogConfig: Applying CVar settings from Section [/Script/Engine.StreamingSettings] File [D:/UE5/Projects/Learn/XYZ_Course/XYZ_Course/Saved/Config/Windows/Engine.ini]
[2025.01.27-13.19.36:900][  0]LogConfig: Setting CVar [[s.MinBulkDataSizeForAsyncLoading:131072]]
[2025.01.27-13.19.36:900][  0]LogConfig: Setting CVar [[s.AsyncLoadingThreadEnabled:0]]
[2025.01.27-13.19.36:900][  0]LogConfig: Setting CVar [[s.EventDrivenLoaderEnabled:1]]
[2025.01.27-13.19.36:900][  0]LogConfig: Setting CVar [[s.WarnIfTimeLimitExceeded:0]]
[2025.01.27-13.19.36:900][  0]LogConfig: Setting CVar [[s.TimeLimitExceededMultiplier:1.5]]
[2025.01.27-13.19.36:900][  0]LogConfig: Setting CVar [[s.TimeLimitExceededMinTime:0.005]]
[2025.01.27-13.19.36:900][  0]LogConfig: Setting CVar [[s.UseBackgroundLevelStreaming:1]]
[2025.01.27-13.19.36:900][  0]LogConfig: Setting CVar [[s.PriorityAsyncLoadingExtraTime:15.0]]
[2025.01.27-13.19.36:900][  0]LogConfig: Setting CVar [[s.LevelStreamingActorsUpdateTimeLimit:5.0]]
[2025.01.27-13.19.36:900][  0]LogConfig: Setting CVar [[s.PriorityLevelStreamingActorsUpdateExtraTime:5.0]]
[2025.01.27-13.19.36:900][  0]LogConfig: Setting CVar [[s.LevelStreamingComponentsRegistrationGranularity:10]]
[2025.01.27-13.19.36:900][  0]LogConfig: Setting CVar [[s.UnregisterComponentsTimeLimit:1.0]]
[2025.01.27-13.19.36:900][  0]LogConfig: Setting CVar [[s.LevelStreamingComponentsUnregistrationGranularity:5]]
[2025.01.27-13.19.36:900][  0]LogConfig: Setting CVar [[s.FlushStreamingOnExit:1]]
[2025.01.27-13.19.36:900][  0]LogConfig: Applying CVar settings from Section [/Script/Engine.GarbageCollectionSettings] File [D:/UE5/Projects/Learn/XYZ_Course/XYZ_Course/Saved/Config/Windows/Engine.ini]
[2025.01.27-13.19.36:900][  0]LogConfig: Setting CVar [[gc.MaxObjectsNotConsideredByGC:1]]
[2025.01.27-13.19.36:900][  0]LogConfig: Setting CVar [[gc.SizeOfPermanentObjectPool:0]]
[2025.01.27-13.19.36:900][  0]LogConfig: Setting CVar [[gc.FlushStreamingOnGC:0]]
[2025.01.27-13.19.36:900][  0]LogConfig: Setting CVar [[gc.NumRetriesBeforeForcingGC:10]]
[2025.01.27-13.19.36:900][  0]LogConfig: Setting CVar [[gc.AllowParallelGC:1]]
[2025.01.27-13.19.36:900][  0]LogConfig: Setting CVar [[gc.TimeBetweenPurgingPendingKillObjects:61.1]]
[2025.01.27-13.19.36:900][  0]LogConfig: Setting CVar [[gc.MaxObjectsInEditor:25165824]]
[2025.01.27-13.19.36:900][  0]LogConfig: Setting CVar [[gc.IncrementalBeginDestroyEnabled:1]]
[2025.01.27-13.19.36:900][  0]LogConfig: Setting CVar [[gc.CreateGCClusters:1]]
[2025.01.27-13.19.36:900][  0]LogConfig: Setting CVar [[gc.MinGCClusterSize:5]]
[2025.01.27-13.19.36:900][  0]LogConfig: Setting CVar [[gc.ActorClusteringEnabled:0]]
[2025.01.27-13.19.36:900][  0]LogConfig: Setting CVar [[gc.BlueprintClusteringEnabled:0]]
[2025.01.27-13.19.36:900][  0]LogConfig: Setting CVar [[gc.UseDisregardForGCOnDedicatedServers:0]]
[2025.01.27-13.19.36:900][  0]LogConfig: Setting CVar [[gc.MultithreadedDestructionEnabled:1]]
[2025.01.27-13.19.36:900][  0]LogConfig: Applying CVar settings from Section [/Script/Engine.NetworkSettings] File [D:/UE5/Projects/Learn/XYZ_Course/XYZ_Course/Saved/Config/Windows/Engine.ini]
[2025.01.27-13.19.36:900][  0]LogConfig: Applying CVar settings from Section [/Script/UnrealEd.CookerSettings] File [D:/UE5/Projects/Learn/XYZ_Course/XYZ_Course/Saved/Config/Windows/Engine.ini]
[2025.01.27-13.19.36:923][  0]LogConfig: Applying CVar settings from Section [ViewDistanceQuality@3] File [D:/UE5/Projects/Learn/XYZ_Course/XYZ_Course/Saved/Config/Windows/Scalability.ini]
[2025.01.27-13.19.36:923][  0]LogConfig: Setting CVar [[r.SkeletalMeshLODBias:0]]
[2025.01.27-13.19.36:923][  0]LogConfig: Setting CVar [[r.ViewDistanceScale:1.0]]
[2025.01.27-13.19.36:923][  0]LogConfig: Applying CVar settings from Section [AntiAliasingQuality@3] File [D:/UE5/Projects/Learn/XYZ_Course/XYZ_Course/Saved/Config/Windows/Scalability.ini]
[2025.01.27-13.19.36:923][  0]LogConfig: Setting CVar [[r.PostProcessAAQuality:4]]
[2025.01.27-13.19.36:923][  0]LogConfig: Applying CVar settings from Section [ShadowQuality@3] File [D:/UE5/Projects/Learn/XYZ_Course/XYZ_Course/Saved/Config/Windows/Scalability.ini]
[2025.01.27-13.19.36:923][  0]LogConfig: Setting CVar [[r.LightFunctionQuality:1]]
[2025.01.27-13.19.36:923][  0]LogConfig: Setting CVar [[r.ShadowQuality:5]]
[2025.01.27-13.19.36:923][  0]LogConfig: Setting CVar [[r.Shadow.CSM.MaxCascades:10]]
[2025.01.27-13.19.36:923][  0]LogConfig: Setting CVar [[r.Shadow.MaxResolution:2048]]
[2025.01.27-13.19.36:923][  0]LogConfig: Setting CVar [[r.Shadow.MaxCSMResolution:2048]]
[2025.01.27-13.19.36:923][  0]LogConfig: Setting CVar [[r.Shadow.RadiusThreshold:0.01]]
[2025.01.27-13.19.36:923][  0]LogConfig: Setting CVar [[r.Shadow.DistanceScale:1.0]]
[2025.01.27-13.19.36:923][  0]LogConfig: Setting CVar [[r.Shadow.CSM.TransitionScale:1.0]]
[2025.01.27-13.19.36:923][  0]LogConfig: Setting CVar [[r.Shadow.PreShadowResolutionFactor:1.0]]
[2025.01.27-13.19.36:923][  0]LogConfig: Setting CVar [[r.DistanceFieldShadowing:1]]
[2025.01.27-13.19.36:923][  0]LogConfig: Setting CVar [[r.DistanceFieldAO:1]]
[2025.01.27-13.19.36:923][  0]LogConfig: Setting CVar [[r.AOQuality:2]]
[2025.01.27-13.19.36:923][  0]LogConfig: Setting CVar [[r.VolumetricFog:1]]
[2025.01.27-13.19.36:923][  0]LogConfig: Setting CVar [[r.VolumetricFog.GridPixelSize:8]]
[2025.01.27-13.19.36:923][  0]LogConfig: Setting CVar [[r.VolumetricFog.GridSizeZ:128]]
[2025.01.27-13.19.36:923][  0]LogConfig: Setting CVar [[r.VolumetricFog.HistoryMissSupersampleCount:4]]
[2025.01.27-13.19.36:923][  0]LogConfig: Setting CVar [[r.LightMaxDrawDistanceScale:1]]
[2025.01.27-13.19.36:923][  0]LogConfig: Setting CVar [[r.CapsuleShadows:1]]
[2025.01.27-13.19.36:923][  0]LogConfig: Applying CVar settings from Section [PostProcessQuality@3] File [D:/UE5/Projects/Learn/XYZ_Course/XYZ_Course/Saved/Config/Windows/Scalability.ini]
[2025.01.27-13.19.36:923][  0]LogConfig: Setting CVar [[r.MotionBlurQuality:4]]
[2025.01.27-13.19.36:923][  0]LogConfig: Setting CVar [[r.AmbientOcclusionMipLevelFactor:0.4]]
[2025.01.27-13.19.36:923][  0]LogConfig: Setting CVar [[r.AmbientOcclusionMaxQuality:100]]
[2025.01.27-13.19.36:923][  0]LogConfig: Setting CVar [[r.AmbientOcclusionLevels:-1]]
[2025.01.27-13.19.36:923][  0]LogConfig: Setting CVar [[r.AmbientOcclusionRadiusScale:1.0]]
[2025.01.27-13.19.36:923][  0]LogConfig: Setting CVar [[r.DepthOfFieldQuality:2]]
[2025.01.27-13.19.36:923][  0]LogConfig: Setting CVar [[r.RenderTargetPoolMin:400]]
[2025.01.27-13.19.36:923][  0]LogConfig: Setting CVar [[r.LensFlareQuality:2]]
[2025.01.27-13.19.36:923][  0]LogConfig: Setting CVar [[r.SceneColorFringeQuality:1]]
[2025.01.27-13.19.36:923][  0]LogConfig: Setting CVar [[r.EyeAdaptationQuality:2]]
[2025.01.27-13.19.36:923][  0]LogConfig: Setting CVar [[r.BloomQuality:5]]
[2025.01.27-13.19.36:923][  0]LogConfig: Setting CVar [[r.FastBlurThreshold:100]]
[2025.01.27-13.19.36:923][  0]LogConfig: Setting CVar [[r.Upscale.Quality:3]]
[2025.01.27-13.19.36:923][  0]LogConfig: Setting CVar [[r.Tonemapper.GrainQuantization:1]]
[2025.01.27-13.19.36:923][  0]LogConfig: Setting CVar [[r.LightShaftQuality:1]]
[2025.01.27-13.19.36:923][  0]LogConfig: Setting CVar [[r.Filter.SizeScale:1]]
[2025.01.27-13.19.36:923][  0]LogConfig: Setting CVar [[r.Tonemapper.Quality:5]]
[2025.01.27-13.19.36:923][  0]LogConfig: Setting CVar [[r.DOF.Gather.AccumulatorQuality:1        ; higher gathering accumulator quality]]
[2025.01.27-13.19.36:923][  0]LogConfig: Setting CVar [[r.DOF.Gather.PostfilterMethod:1          ; Median3x3 postfilering method]]
[2025.01.27-13.19.36:923][  0]LogConfig: Setting CVar [[r.DOF.Gather.EnableBokehSettings:0       ; no bokeh simulation when gathering]]
[2025.01.27-13.19.36:923][  0]LogConfig: Setting CVar [[r.DOF.Gather.RingCount:4                 ; medium number of samples when gathering]]
[2025.01.27-13.19.36:923][  0]LogConfig: Setting CVar [[r.DOF.Scatter.ForegroundCompositing:1    ; additive foreground scattering]]
[2025.01.27-13.19.36:923][  0]LogConfig: Setting CVar [[r.DOF.Scatter.BackgroundCompositing:2    ; additive background scattering]]
[2025.01.27-13.19.36:923][  0]LogConfig: Setting CVar [[r.DOF.Scatter.EnableBokehSettings:1      ; bokeh simulation when scattering]]
[2025.01.27-13.19.36:923][  0]LogConfig: Setting CVar [[r.DOF.Scatter.MaxSpriteRatio:0.1         ; only a maximum of 10% of scattered bokeh]]
[2025.01.27-13.19.36:923][  0]LogConfig: Setting CVar [[r.DOF.Recombine.Quality:1                ; cheap slight out of focus]]
[2025.01.27-13.19.36:923][  0]LogConfig: Setting CVar [[r.DOF.Recombine.EnableBokehSettings:0    ; no bokeh simulation on slight out of focus]]
[2025.01.27-13.19.36:923][  0]LogConfig: Setting CVar [[r.DOF.TemporalAAQuality:1                ; more stable temporal accumulation]]
[2025.01.27-13.19.36:923][  0]LogConfig: Setting CVar [[r.DOF.Kernel.MaxForegroundRadius:0.025]]
[2025.01.27-13.19.36:923][  0]LogConfig: Setting CVar [[r.DOF.Kernel.MaxBackgroundRadius:0.025]]
[2025.01.27-13.19.36:923][  0]LogConfig: Applying CVar settings from Section [TextureQuality@3] File [D:/UE5/Projects/Learn/XYZ_Course/XYZ_Course/Saved/Config/Windows/Scalability.ini]
[2025.01.27-13.19.36:923][  0]LogConfig: Setting CVar [[r.Streaming.MipBias:0]]
[2025.01.27-13.19.36:923][  0]LogConfig: Setting CVar [[r.Streaming.AmortizeCPUToGPUCopy:0]]
[2025.01.27-13.19.36:923][  0]LogConfig: Setting CVar [[r.Streaming.MaxNumTexturesToStreamPerFrame:0]]
[2025.01.27-13.19.36:923][  0]LogConfig: Setting CVar [[r.Streaming.Boost:1]]
[2025.01.27-13.19.36:923][  0]LogConfig: Setting CVar [[r.MaxAnisotropy:8]]
[2025.01.27-13.19.36:923][  0]LogConfig: Setting CVar [[r.VT.MaxAnisotropy:8]]
[2025.01.27-13.19.36:923][  0]LogConfig: Setting CVar [[r.Streaming.LimitPoolSizeToVRAM:0]]
[2025.01.27-13.19.36:923][  0]LogConfig: Setting CVar [[r.Streaming.PoolSize:1000]]
[2025.01.27-13.19.36:923][  0]LogConfig: Setting CVar [[r.Streaming.MaxEffectiveScreenSize:0]]
[2025.01.27-13.19.36:923][  0]LogConfig: Applying CVar settings from Section [EffectsQuality@3] File [D:/UE5/Projects/Learn/XYZ_Course/XYZ_Course/Saved/Config/Windows/Scalability.ini]
[2025.01.27-13.19.36:923][  0]LogConfig: Setting CVar [[r.TranslucencyLightingVolumeDim:64]]
[2025.01.27-13.19.36:923][  0]LogConfig: Setting CVar [[r.RefractionQuality:2]]
[2025.01.27-13.19.36:923][  0]LogConfig: Setting CVar [[r.SSR.Quality:3]]
[2025.01.27-13.19.36:923][  0]LogConfig: Setting CVar [[r.SSR.HalfResSceneColor:0]]
[2025.01.27-13.19.36:923][  0]LogConfig: Setting CVar [[r.SceneColorFormat:4]]
[2025.01.27-13.19.36:923][  0]LogConfig: Setting CVar [[r.DetailMode:2]]
[2025.01.27-13.19.36:923][  0]LogConfig: Setting CVar [[r.TranslucencyVolumeBlur:1]]
[2025.01.27-13.19.36:923][  0]LogConfig: Setting CVar [[r.MaterialQualityLevel:1 ; High quality]]
[2025.01.27-13.19.36:923][  0]LogConfig: Setting CVar [[r.AnisotropicMaterials:1]]
[2025.01.27-13.19.36:923][  0]LogConfig: Setting CVar [[r.SSS.Scale:1]]
[2025.01.27-13.19.36:924][  0]LogConfig: Setting CVar [[r.SSS.SampleSet:2]]
[2025.01.27-13.19.36:924][  0]LogConfig: Setting CVar [[r.SSS.Quality:1]]
[2025.01.27-13.19.36:924][  0]LogConfig: Setting CVar [[r.SSS.HalfRes:0]]
[2025.01.27-13.19.36:924][  0]LogConfig: Setting CVar [[r.SSGI.Quality:3]]
[2025.01.27-13.19.36:924][  0]LogConfig: Setting CVar [[r.EmitterSpawnRateScale:1.0]]
[2025.01.27-13.19.36:924][  0]LogConfig: Setting CVar [[r.ParticleLightQuality:2]]
[2025.01.27-13.19.36:924][  0]LogConfig: Setting CVar [[r.SkyAtmosphere.AerialPerspectiveLUT.FastApplyOnOpaque:1 ; Always have FastSkyLUT 1 in this case to avoid wrong sky]]
[2025.01.27-13.19.36:924][  0]LogConfig: Setting CVar [[r.SkyAtmosphere.AerialPerspectiveLUT.SampleCountMaxPerSlice:4]]
[2025.01.27-13.19.36:924][  0]LogConfig: Setting CVar [[r.SkyAtmosphere.AerialPerspectiveLUT.DepthResolution:16.0]]
[2025.01.27-13.19.36:924][  0]LogConfig: Setting CVar [[r.SkyAtmosphere.FastSkyLUT:1]]
[2025.01.27-13.19.36:924][  0]LogConfig: Setting CVar [[r.SkyAtmosphere.FastSkyLUT.SampleCountMin:4.0]]
[2025.01.27-13.19.36:924][  0]LogConfig: Setting CVar [[r.SkyAtmosphere.FastSkyLUT.SampleCountMax:128.0]]
[2025.01.27-13.19.36:924][  0]LogConfig: Setting CVar [[r.SkyAtmosphere.SampleCountMin:4.0]]
[2025.01.27-13.19.36:924][  0]LogConfig: Setting CVar [[r.SkyAtmosphere.SampleCountMax:128.0]]
[2025.01.27-13.19.36:924][  0]LogConfig: Setting CVar [[r.SkyAtmosphere.TransmittanceLUT.UseSmallFormat:0]]
[2025.01.27-13.19.36:924][  0]LogConfig: Setting CVar [[r.SkyAtmosphere.TransmittanceLUT.SampleCount:10.0]]
[2025.01.27-13.19.36:924][  0]LogConfig: Setting CVar [[r.SkyAtmosphere.MultiScatteringLUT.SampleCount:15.0]]
[2025.01.27-13.19.36:924][  0]LogConfig: Setting CVar [[r.SkyLight.RealTimeReflectionCapture:1]]
[2025.01.27-13.19.36:924][  0]LogConfig: Applying CVar settings from Section [FoliageQuality@3] File [D:/UE5/Projects/Learn/XYZ_Course/XYZ_Course/Saved/Config/Windows/Scalability.ini]
[2025.01.27-13.19.36:924][  0]LogConfig: Setting CVar [[foliage.DensityScale:1.0]]
[2025.01.27-13.19.36:924][  0]LogConfig: Setting CVar [[grass.DensityScale:1.0]]
[2025.01.27-13.19.36:924][  0]LogConfig: Applying CVar settings from Section [ShadingQuality@3] File [D:/UE5/Projects/Learn/XYZ_Course/XYZ_Course/Saved/Config/Windows/Scalability.ini]
[2025.01.27-13.19.36:924][  0]LogConfig: Setting CVar [[r.HairStrands.SkyLighting.IntegrationType:2]]
[2025.01.27-13.19.36:924][  0]LogConfig: Setting CVar [[r.HairStrands.SkyAO.SampleCount:4]]
[2025.01.27-13.19.36:924][  0]LogConfig: Setting CVar [[r.HairStrands.Visibility.MSAA.SamplePerPixel:4]]
[2025.01.27-13.19.36:924][  0]LogInit: Selected Device Profile: [Windows]
[2025.01.27-13.19.36:924][  0]LogInit: Applying CVar settings loaded from the selected device profile: [Windows]
[2025.01.27-13.19.36:924][  0]LogHAL: Display: Platform has ~ 32 GB [34268745728 / 34359738368 / 32], which maps to Largest [LargestMinGB=32, LargerMinGB=12, DefaultMinGB=8, SmallerMinGB=6, SmallestMinGB=0)
[2025.01.27-13.19.36:924][  0]LogInit: Going up to parent DeviceProfile []
[2025.01.27-13.19.36:924][  0]LogConfig: Applying CVar settings from Section [ViewDistanceQuality@3] File [D:/UE5/Projects/Learn/XYZ_Course/XYZ_Course/Saved/Config/Windows/Scalability.ini]
[2025.01.27-13.19.36:924][  0]LogConfig: Setting CVar [[r.SkeletalMeshLODBias:0]]
[2025.01.27-13.19.36:924][  0]LogConfig: Setting CVar [[r.ViewDistanceScale:1.0]]
[2025.01.27-13.19.36:924][  0]LogConfig: Applying CVar settings from Section [AntiAliasingQuality@3] File [D:/UE5/Projects/Learn/XYZ_Course/XYZ_Course/Saved/Config/Windows/Scalability.ini]
[2025.01.27-13.19.36:924][  0]LogConfig: Setting CVar [[r.PostProcessAAQuality:4]]
[2025.01.27-13.19.36:924][  0]LogConfig: Applying CVar settings from Section [ShadowQuality@3] File [D:/UE5/Projects/Learn/XYZ_Course/XYZ_Course/Saved/Config/Windows/Scalability.ini]
[2025.01.27-13.19.36:924][  0]LogConfig: Setting CVar [[r.LightFunctionQuality:1]]
[2025.01.27-13.19.36:924][  0]LogConfig: Setting CVar [[r.ShadowQuality:5]]
[2025.01.27-13.19.36:924][  0]LogConfig: Setting CVar [[r.Shadow.CSM.MaxCascades:10]]
[2025.01.27-13.19.36:924][  0]LogConfig: Setting CVar [[r.Shadow.MaxResolution:2048]]
[2025.01.27-13.19.36:924][  0]LogConfig: Setting CVar [[r.Shadow.MaxCSMResolution:2048]]
[2025.01.27-13.19.36:924][  0]LogConfig: Setting CVar [[r.Shadow.RadiusThreshold:0.01]]
[2025.01.27-13.19.36:924][  0]LogConfig: Setting CVar [[r.Shadow.DistanceScale:1.0]]
[2025.01.27-13.19.36:924][  0]LogConfig: Setting CVar [[r.Shadow.CSM.TransitionScale:1.0]]
[2025.01.27-13.19.36:924][  0]LogConfig: Setting CVar [[r.Shadow.PreShadowResolutionFactor:1.0]]
[2025.01.27-13.19.36:924][  0]LogConfig: Setting CVar [[r.DistanceFieldShadowing:1]]
[2025.01.27-13.19.36:924][  0]LogConfig: Setting CVar [[r.DistanceFieldAO:1]]
[2025.01.27-13.19.36:924][  0]LogConfig: Setting CVar [[r.AOQuality:2]]
[2025.01.27-13.19.36:924][  0]LogConfig: Setting CVar [[r.VolumetricFog:1]]
[2025.01.27-13.19.36:924][  0]LogConfig: Setting CVar [[r.VolumetricFog.GridPixelSize:8]]
[2025.01.27-13.19.36:924][  0]LogConfig: Setting CVar [[r.VolumetricFog.GridSizeZ:128]]
[2025.01.27-13.19.36:924][  0]LogConfig: Setting CVar [[r.VolumetricFog.HistoryMissSupersampleCount:4]]
[2025.01.27-13.19.36:924][  0]LogConfig: Setting CVar [[r.LightMaxDrawDistanceScale:1]]
[2025.01.27-13.19.36:924][  0]LogConfig: Setting CVar [[r.CapsuleShadows:1]]
[2025.01.27-13.19.36:924][  0]LogConfig: Applying CVar settings from Section [PostProcessQuality@3] File [D:/UE5/Projects/Learn/XYZ_Course/XYZ_Course/Saved/Config/Windows/Scalability.ini]
[2025.01.27-13.19.36:924][  0]LogConfig: Setting CVar [[r.MotionBlurQuality:4]]
[2025.01.27-13.19.36:924][  0]LogConfig: Setting CVar [[r.AmbientOcclusionMipLevelFactor:0.4]]
[2025.01.27-13.19.36:924][  0]LogConfig: Setting CVar [[r.AmbientOcclusionMaxQuality:100]]
[2025.01.27-13.19.36:924][  0]LogConfig: Setting CVar [[r.AmbientOcclusionLevels:-1]]
[2025.01.27-13.19.36:924][  0]LogConfig: Setting CVar [[r.AmbientOcclusionRadiusScale:1.0]]
[2025.01.27-13.19.36:924][  0]LogConfig: Setting CVar [[r.DepthOfFieldQuality:2]]
[2025.01.27-13.19.36:924][  0]LogConfig: Setting CVar [[r.RenderTargetPoolMin:400]]
[2025.01.27-13.19.36:924][  0]LogConfig: Setting CVar [[r.LensFlareQuality:2]]
[2025.01.27-13.19.36:924][  0]LogConfig: Setting CVar [[r.SceneColorFringeQuality:1]]
[2025.01.27-13.19.36:924][  0]LogConfig: Setting CVar [[r.EyeAdaptationQuality:2]]
[2025.01.27-13.19.36:924][  0]LogConfig: Setting CVar [[r.BloomQuality:5]]
[2025.01.27-13.19.36:924][  0]LogConfig: Setting CVar [[r.FastBlurThreshold:100]]
[2025.01.27-13.19.36:924][  0]LogConfig: Setting CVar [[r.Upscale.Quality:3]]
[2025.01.27-13.19.36:924][  0]LogConfig: Setting CVar [[r.Tonemapper.GrainQuantization:1]]
[2025.01.27-13.19.36:924][  0]LogConfig: Setting CVar [[r.LightShaftQuality:1]]
[2025.01.27-13.19.36:924][  0]LogConfig: Setting CVar [[r.Filter.SizeScale:1]]
[2025.01.27-13.19.36:924][  0]LogConfig: Setting CVar [[r.Tonemapper.Quality:5]]
[2025.01.27-13.19.36:924][  0]LogConfig: Setting CVar [[r.DOF.Gather.AccumulatorQuality:1        ; higher gathering accumulator quality]]
[2025.01.27-13.19.36:924][  0]LogConfig: Setting CVar [[r.DOF.Gather.PostfilterMethod:1          ; Median3x3 postfilering method]]
[2025.01.27-13.19.36:924][  0]LogConfig: Setting CVar [[r.DOF.Gather.EnableBokehSettings:0       ; no bokeh simulation when gathering]]
[2025.01.27-13.19.36:924][  0]LogConfig: Setting CVar [[r.DOF.Gather.RingCount:4                 ; medium number of samples when gathering]]
[2025.01.27-13.19.36:924][  0]LogConfig: Setting CVar [[r.DOF.Scatter.ForegroundCompositing:1    ; additive foreground scattering]]
[2025.01.27-13.19.36:924][  0]LogConfig: Setting CVar [[r.DOF.Scatter.BackgroundCompositing:2    ; additive background scattering]]
[2025.01.27-13.19.36:924][  0]LogConfig: Setting CVar [[r.DOF.Scatter.EnableBokehSettings:1      ; bokeh simulation when scattering]]
[2025.01.27-13.19.36:924][  0]LogConfig: Setting CVar [[r.DOF.Scatter.MaxSpriteRatio:0.1         ; only a maximum of 10% of scattered bokeh]]
[2025.01.27-13.19.36:924][  0]LogConfig: Setting CVar [[r.DOF.Recombine.Quality:1                ; cheap slight out of focus]]
[2025.01.27-13.19.36:924][  0]LogConfig: Setting CVar [[r.DOF.Recombine.EnableBokehSettings:0    ; no bokeh simulation on slight out of focus]]
[2025.01.27-13.19.36:924][  0]LogConfig: Setting CVar [[r.DOF.TemporalAAQuality:1                ; more stable temporal accumulation]]
[2025.01.27-13.19.36:924][  0]LogConfig: Setting CVar [[r.DOF.Kernel.MaxForegroundRadius:0.025]]
[2025.01.27-13.19.36:924][  0]LogConfig: Setting CVar [[r.DOF.Kernel.MaxBackgroundRadius:0.025]]
[2025.01.27-13.19.36:924][  0]LogConfig: Applying CVar settings from Section [TextureQuality@3] File [D:/UE5/Projects/Learn/XYZ_Course/XYZ_Course/Saved/Config/Windows/Scalability.ini]
[2025.01.27-13.19.36:924][  0]LogConfig: Setting CVar [[r.Streaming.MipBias:0]]
[2025.01.27-13.19.36:924][  0]LogConfig: Setting CVar [[r.Streaming.AmortizeCPUToGPUCopy:0]]
[2025.01.27-13.19.36:924][  0]LogConfig: Setting CVar [[r.Streaming.MaxNumTexturesToStreamPerFrame:0]]
[2025.01.27-13.19.36:924][  0]LogConfig: Setting CVar [[r.Streaming.Boost:1]]
[2025.01.27-13.19.36:924][  0]LogConfig: Setting CVar [[r.MaxAnisotropy:8]]
[2025.01.27-13.19.36:924][  0]LogConfig: Setting CVar [[r.VT.MaxAnisotropy:8]]
[2025.01.27-13.19.36:924][  0]LogConfig: Setting CVar [[r.Streaming.LimitPoolSizeToVRAM:0]]
[2025.01.27-13.19.36:924][  0]LogConfig: Setting CVar [[r.Streaming.PoolSize:1000]]
[2025.01.27-13.19.36:924][  0]LogConfig: Setting CVar [[r.Streaming.MaxEffectiveScreenSize:0]]
[2025.01.27-13.19.36:924][  0]LogConfig: Applying CVar settings from Section [EffectsQuality@3] File [D:/UE5/Projects/Learn/XYZ_Course/XYZ_Course/Saved/Config/Windows/Scalability.ini]
[2025.01.27-13.19.36:924][  0]LogConfig: Setting CVar [[r.TranslucencyLightingVolumeDim:64]]
[2025.01.27-13.19.36:924][  0]LogConfig: Setting CVar [[r.RefractionQuality:2]]
[2025.01.27-13.19.36:924][  0]LogConfig: Setting CVar [[r.SSR.Quality:3]]
[2025.01.27-13.19.36:924][  0]LogConfig: Setting CVar [[r.SSR.HalfResSceneColor:0]]
[2025.01.27-13.19.36:924][  0]LogConfig: Setting CVar [[r.SceneColorFormat:4]]
[2025.01.27-13.19.36:924][  0]LogConfig: Setting CVar [[r.DetailMode:2]]
[2025.01.27-13.19.36:924][  0]LogConfig: Setting CVar [[r.TranslucencyVolumeBlur:1]]
[2025.01.27-13.19.36:924][  0]LogConfig: Setting CVar [[r.MaterialQualityLevel:1 ; High quality]]
[2025.01.27-13.19.36:924][  0]LogConfig: Setting CVar [[r.AnisotropicMaterials:1]]
[2025.01.27-13.19.36:924][  0]LogConfig: Setting CVar [[r.SSS.Scale:1]]
[2025.01.27-13.19.36:924][  0]LogConfig: Setting CVar [[r.SSS.SampleSet:2]]
[2025.01.27-13.19.36:924][  0]LogConfig: Setting CVar [[r.SSS.Quality:1]]
[2025.01.27-13.19.36:924][  0]LogConfig: Setting CVar [[r.SSS.HalfRes:0]]
[2025.01.27-13.19.36:924][  0]LogConfig: Setting CVar [[r.SSGI.Quality:3]]
[2025.01.27-13.19.36:924][  0]LogConfig: Setting CVar [[r.EmitterSpawnRateScale:1.0]]
[2025.01.27-13.19.36:924][  0]LogConfig: Setting CVar [[r.ParticleLightQuality:2]]
[2025.01.27-13.19.36:924][  0]LogConfig: Setting CVar [[r.SkyAtmosphere.AerialPerspectiveLUT.FastApplyOnOpaque:1 ; Always have FastSkyLUT 1 in this case to avoid wrong sky]]
[2025.01.27-13.19.36:924][  0]LogConfig: Setting CVar [[r.SkyAtmosphere.AerialPerspectiveLUT.SampleCountMaxPerSlice:4]]
[2025.01.27-13.19.36:924][  0]LogConfig: Setting CVar [[r.SkyAtmosphere.AerialPerspectiveLUT.DepthResolution:16.0]]
[2025.01.27-13.19.36:924][  0]LogConfig: Setting CVar [[r.SkyAtmosphere.FastSkyLUT:1]]
[2025.01.27-13.19.36:924][  0]LogConfig: Setting CVar [[r.SkyAtmosphere.FastSkyLUT.SampleCountMin:4.0]]
[2025.01.27-13.19.36:924][  0]LogConfig: Setting CVar [[r.SkyAtmosphere.FastSkyLUT.SampleCountMax:128.0]]
[2025.01.27-13.19.36:924][  0]LogConfig: Setting CVar [[r.SkyAtmosphere.SampleCountMin:4.0]]
[2025.01.27-13.19.36:924][  0]LogConfig: Setting CVar [[r.SkyAtmosphere.SampleCountMax:128.0]]
[2025.01.27-13.19.36:924][  0]LogConfig: Setting CVar [[r.SkyAtmosphere.TransmittanceLUT.UseSmallFormat:0]]
[2025.01.27-13.19.36:924][  0]LogConfig: Setting CVar [[r.SkyAtmosphere.TransmittanceLUT.SampleCount:10.0]]
[2025.01.27-13.19.36:924][  0]LogConfig: Setting CVar [[r.SkyAtmosphere.MultiScatteringLUT.SampleCount:15.0]]
[2025.01.27-13.19.36:924][  0]LogConfig: Setting CVar [[r.SkyLight.RealTimeReflectionCapture:1]]
[2025.01.27-13.19.36:924][  0]LogConfig: Applying CVar settings from Section [FoliageQuality@3] File [D:/UE5/Projects/Learn/XYZ_Course/XYZ_Course/Saved/Config/Windows/Scalability.ini]
[2025.01.27-13.19.36:924][  0]LogConfig: Setting CVar [[foliage.DensityScale:1.0]]
[2025.01.27-13.19.36:924][  0]LogConfig: Setting CVar [[grass.DensityScale:1.0]]
[2025.01.27-13.19.36:924][  0]LogConfig: Applying CVar settings from Section [ShadingQuality@3] File [D:/UE5/Projects/Learn/XYZ_Course/XYZ_Course/Saved/Config/Windows/Scalability.ini]
[2025.01.27-13.19.36:925][  0]LogConfig: Setting CVar [[r.HairStrands.SkyLighting.IntegrationType:2]]
[2025.01.27-13.19.36:925][  0]LogConfig: Setting CVar [[r.HairStrands.SkyAO.SampleCount:4]]
[2025.01.27-13.19.36:925][  0]LogConfig: Setting CVar [[r.HairStrands.Visibility.MSAA.SamplePerPixel:4]]
[2025.01.27-13.19.36:925][  0]LogConfig: Applying CVar settings from Section [Startup] File [../../../Engine/Config/ConsoleVariables.ini]
[2025.01.27-13.19.36:925][  0]LogConfig: Setting CVar [[net.UseAdaptiveNetUpdateFrequency:0]]
[2025.01.27-13.19.36:925][  0]LogConfig: Setting CVar [[p.chaos.AllowCreatePhysxBodies:1]]
[2025.01.27-13.19.36:925][  0]LogConfig: Setting CVar [[fx.SkipVectorVMBackendOptimizations:1]]
[2025.01.27-13.19.36:925][  0]LogConfig: Applying CVar settings from Section [ConsoleVariables] File [D:/UE5/Projects/Learn/XYZ_Course/XYZ_Course/Saved/Config/Windows/Engine.ini]
[2025.01.27-13.19.36:925][  0]LogConfig: Applying CVar settings from Section [ConsoleVariables] File [D:/UE5/Projects/Learn/XYZ_Course/XYZ_Course/Saved/Config/Windows/Editor.ini]
[2025.01.27-13.19.36:925][  0]LogInit: Computer: SVYATINYA
[2025.01.27-13.19.36:925][  0]LogInit: User: nicec
[2025.01.27-13.19.36:925][  0]LogInit: CPU Page size=4096, Cores=8
[2025.01.27-13.19.36:925][  0]LogInit: High frequency timer resolution =10.000000 MHz
[2025.01.27-13.19.36:925][  0]LogMemory: Memory total: Physical=31.9GB (32GB approx)
[2025.01.27-13.19.36:925][  0]LogMemory: Platform Memory Stats for Windows
[2025.01.27-13.19.36:925][  0]LogMemory: Process Physical Memory: 147.73 MB used, 147.73 MB peak
[2025.01.27-13.19.36:925][  0]LogMemory: Process Virtual Memory: 129.59 MB used, 129.59 MB peak
[2025.01.27-13.19.36:925][  0]LogMemory: Physical Memory: 15983.95 MB used,  16697.27 MB free, 32681.22 MB total
[2025.01.27-13.19.36:925][  0]LogMemory: Virtual Memory: 134197208.00 MB used,  20519.77 MB free, 134217728.00 MB total
[2025.01.27-13.19.36:982][  0]LogWindows: WindowsPlatformFeatures enabled
[2025.01.27-13.19.37:025][  0]LogInit: Physics initialised using underlying interface: PhysX
[2025.01.27-13.19.37:027][  0]LogInit: Using OS detected language (ru-RU).
[2025.01.27-13.19.37:027][  0]LogInit: Using OS detected locale (ru-RU).
[2025.01.27-13.19.37:036][  0]LogTextLocalizationManager: No specific localization for 'ru-RU' exists, so the 'ru' localization will be used.
[2025.01.27-13.19.37:037][  0]LogTextLocalizationResource: LocRes '../../../Engine/Content/Localization/Editor/ru/Editor.locres' could not be opened for reading!
[2025.01.27-13.19.37:037][  0]LogTextLocalizationResource: LocRes '../../../Engine/Content/Localization/EditorTutorials/ru/EditorTutorials.locres' could not be opened for reading!
[2025.01.27-13.19.37:037][  0]LogTextLocalizationResource: LocRes '../../../Engine/Content/Localization/Keywords/ru/Keywords.locres' could not be opened for reading!
[2025.01.27-13.19.37:038][  0]LogTextLocalizationResource: LocRes '../../../Engine/Content/Localization/Category/ru/Category.locres' could not be opened for reading!
[2025.01.27-13.19.37:038][  0]LogTextLocalizationResource: LocRes '../../../Engine/Content/Localization/ToolTips/ru/ToolTips.locres' could not be opened for reading!
[2025.01.27-13.19.37:038][  0]LogTextLocalizationResource: LocRes '../../../Engine/Content/Localization/PropertyNames/ru/PropertyNames.locres' could not be opened for reading!
[2025.01.27-13.19.37:038][  0]LogTextLocalizationResource: LocRes '../../../Engine/Content/Localization/Engine/ru/Engine.locres' could not be opened for reading!
[2025.01.27-13.19.37:040][  0]LogInit: Setting process to per monitor DPI aware
[2025.01.27-13.19.37:061][  0]LogWindowsTextInputMethodSystem: Display: IME system deactivated.
[2025.01.27-13.19.37:082][  0]LogSlate: New Slate User Created.  User Index 0, Is Virtual User: 0
[2025.01.27-13.19.37:082][  0]LogSlate: Slate User Registered.  User Index 0, Is Virtual User: 0
[2025.01.27-13.19.37:325][  0]LogD3D11RHI: Loaded GFSDK_Aftermath_Lib.x64.dll
[2025.01.27-13.19.37:332][  0]LogHMD: Failed to initialize OpenVR with code 110
[2025.01.27-13.19.37:333][  0]LogD3D11RHI: D3D11 min allowed feature level: 11_0
[2025.01.27-13.19.37:333][  0]LogD3D11RHI: D3D11 max allowed feature level: 11_0
[2025.01.27-13.19.37:333][  0]LogD3D11RHI: D3D11 adapters:
[2025.01.27-13.19.37:459][  0]LogD3D11RHI:    0. 'NVIDIA GeForce RTX 3070 Ti' (Feature Level 11_0)
[2025.01.27-13.19.37:459][  0]LogD3D11RHI:       8018/0/16340 MB DedicatedVideo/DedicatedSystem/SharedSystem, Outputs:2, VendorId:0x10de
[2025.01.27-13.19.37:462][  0]LogD3D11RHI:    1. 'Microsoft Basic Render Driver' (Feature Level 11_0)
[2025.01.27-13.19.37:462][  0]LogD3D11RHI:       0/0/16340 MB DedicatedVideo/DedicatedSystem/SharedSystem, Outputs:0, VendorId:0x1414
[2025.01.27-13.19.37:462][  0]LogD3D11RHI: Chosen D3D11 Adapter:
[2025.01.27-13.19.37:462][  0]LogD3D11RHI:     Description : NVIDIA GeForce RTX 3070 Ti
[2025.01.27-13.19.37:462][  0]LogD3D11RHI:     VendorId    : 10de
[2025.01.27-13.19.37:462][  0]LogD3D11RHI:     DeviceId    : 2482
[2025.01.27-13.19.37:462][  0]LogD3D11RHI:     SubSysId    : 14b210de
[2025.01.27-13.19.37:462][  0]LogD3D11RHI:     Revision    : 00a1
[2025.01.27-13.19.37:462][  0]LogD3D11RHI:     DedicatedVideoMemory : 8407482368 bytes
[2025.01.27-13.19.37:462][  0]LogD3D11RHI:     DedicatedSystemMemory : 0 bytes
[2025.01.27-13.19.37:462][  0]LogD3D11RHI:     SharedSystemMemory : 17134372864 bytes
[2025.01.27-13.19.37:462][  0]LogD3D11RHI:     AdapterLuid : 0 72728
[2025.01.27-13.19.37:478][  0]LogD3D11RHI: Creating new Direct3DDevice
[2025.01.27-13.19.37:478][  0]LogD3D11RHI:     GPU DeviceId: 0x2482 (for the marketing name, search the web for "GPU Device Id")
[2025.01.27-13.19.37:478][  0]LogWindows: EnumDisplayDevices:
[2025.01.27-13.19.37:478][  0]LogWindows:    0. 'NVIDIA GeForce RTX 3070 Ti' (P:1 D:1)
[2025.01.27-13.19.37:478][  0]LogWindows:    1. 'NVIDIA GeForce RTX 3070 Ti' (P:0 D:1)
[2025.01.27-13.19.37:479][  0]LogWindows:    2. 'NVIDIA GeForce RTX 3070 Ti' (P:0 D:0)
[2025.01.27-13.19.37:479][  0]LogWindows:    3. 'NVIDIA GeForce RTX 3070 Ti' (P:0 D:0)
[2025.01.27-13.19.37:479][  0]LogWindows: DebugString: FoundDriverCount:4 
[2025.01.27-13.19.37:479][  0]LogD3D11RHI:     Adapter Name: NVIDIA GeForce RTX 3070 Ti
[2025.01.27-13.19.37:479][  0]LogD3D11RHI:   Driver Version: 560.94 (internal:32.0.15.6094, unified:560.94)
[2025.01.27-13.19.37:479][  0]LogD3D11RHI:      Driver Date: 8-14-2024
[2025.01.27-13.19.37:479][  0]LogRHI: Texture pool is 5612 MB (70% of 8018 MB)
[2025.01.27-13.19.37:479][  0]LogD3D11RHI: Creating D3DDevice using adapter:
[2025.01.27-13.19.37:479][  0]LogD3D11RHI:     Description : NVIDIA GeForce RTX 3070 Ti
[2025.01.27-13.19.37:479][  0]LogD3D11RHI:     VendorId    : 10de
[2025.01.27-13.19.37:479][  0]LogD3D11RHI:     DeviceId    : 2482
[2025.01.27-13.19.37:479][  0]LogD3D11RHI:     SubSysId    : 14b210de
[2025.01.27-13.19.37:479][  0]LogD3D11RHI:     Revision    : 00a1
[2025.01.27-13.19.37:479][  0]LogD3D11RHI:     DedicatedVideoMemory : 8407482368 bytes
[2025.01.27-13.19.37:479][  0]LogD3D11RHI:     DedicatedSystemMemory : 0 bytes
[2025.01.27-13.19.37:479][  0]LogD3D11RHI:     SharedSystemMemory : 17134372864 bytes
[2025.01.27-13.19.37:479][  0]LogD3D11RHI:     AdapterLuid : 0 72728
[2025.01.27-13.19.37:551][  0]LogD3D11RHI: RHI has support for 64 bit atomics
[2025.01.27-13.19.37:551][  0]LogD3D11RHI: Async texture creation enabled
[2025.01.27-13.19.37:551][  0]LogD3D11RHI: Array index from any shader is supported
[2025.01.27-13.19.37:553][  0]LogD3D11RHI: HDR output is supported on display 0 (NvId: 0x80061082).
[2025.01.27-13.19.37:571][  0]LogD3D11RHI: GPU Timing Frequency: 1000.000000 (Debug: 2 2)
[2025.01.27-13.19.37:597][  0]LogRHI: GeForceNow SDK initialized: 1
[2025.01.27-13.19.37:910][  0]LogTargetPlatformManager: Display: Loaded TargetPlatform 'AllDesktop'
[2025.01.27-13.19.37:933][  0]LogTargetPlatformManager: Display: Loaded TargetPlatform 'Android'
[2025.01.27-13.19.37:933][  0]LogTargetPlatformManager: Display: Loaded TargetPlatform 'Android_ASTC'
[2025.01.27-13.19.37:933][  0]LogTargetPlatformManager: Display: Loaded TargetPlatform 'Android_DXT'
[2025.01.27-13.19.37:933][  0]LogTargetPlatformManager: Display: Loaded TargetPlatform 'Android_ETC2'
[2025.01.27-13.19.37:933][  0]LogTargetPlatformManager: Display: Loaded TargetPlatform 'AndroidClient'
[2025.01.27-13.19.37:933][  0]LogTargetPlatformManager: Display: Loaded TargetPlatform 'Android_ASTCClient'
[2025.01.27-13.19.37:933][  0]LogTargetPlatformManager: Display: Loaded TargetPlatform 'Android_DXTClient'
[2025.01.27-13.19.37:933][  0]LogTargetPlatformManager: Display: Loaded TargetPlatform 'Android_ETC2Client'
[2025.01.27-13.19.37:933][  0]LogTargetPlatformManager: Display: Loaded TargetPlatform 'Android_Multi'
[2025.01.27-13.19.37:933][  0]LogTargetPlatformManager: Display: Loaded TargetPlatform 'Android_MultiClient'
[2025.01.27-13.19.37:954][  0]LogTargetPlatformManager: Display: Loaded TargetPlatform 'IOSClient'
[2025.01.27-13.19.37:954][  0]LogTargetPlatformManager: Display: Loaded TargetPlatform 'IOS'
[2025.01.27-13.19.37:964][  0]LogTargetPlatformManager: Display: Loaded TargetPlatform 'Linux'
[2025.01.27-13.19.37:969][  0]LogTargetPlatformManager: Display: Loaded TargetPlatform 'LinuxNoEditor'
[2025.01.27-13.19.37:975][  0]LogTargetPlatformManager: Display: Loaded TargetPlatform 'LinuxClient'
[2025.01.27-13.19.37:981][  0]LogTargetPlatformManager: Display: Loaded TargetPlatform 'LinuxServer'
[2025.01.27-13.19.37:995][  0]LogTargetPlatformManager: Display: Loaded TargetPlatform 'LinuxAArch64NoEditor'
[2025.01.27-13.19.38:002][  0]LogTargetPlatformManager: Display: Loaded TargetPlatform 'LinuxAArch64Client'
[2025.01.27-13.19.38:009][  0]LogTargetPlatformManager: Display: Loaded TargetPlatform 'LinuxAArch64Server'
[2025.01.27-13.19.38:033][  0]LogTargetPlatformManager: Display: Loaded TargetPlatform 'Lumin'
[2025.01.27-13.19.38:033][  0]LogTargetPlatformManager: Display: Loaded TargetPlatform 'LuminClient'
[2025.01.27-13.19.38:042][  0]LogTargetPlatformManager: Display: Loaded TargetPlatform 'MacNoEditor'
[2025.01.27-13.19.38:047][  0]LogTargetPlatformManager: Display: Loaded TargetPlatform 'Mac'
[2025.01.27-13.19.38:051][  0]LogTargetPlatformManager: Display: Loaded TargetPlatform 'MacClient'
[2025.01.27-13.19.38:056][  0]LogTargetPlatformManager: Display: Loaded TargetPlatform 'MacServer'
[2025.01.27-13.19.38:067][  0]LogTargetPlatformManager: Display: Loaded TargetPlatform 'TVOSClient'
[2025.01.27-13.19.38:067][  0]LogTargetPlatformManager: Display: Loaded TargetPlatform 'TVOS'
[2025.01.27-13.19.38:077][  0]LogTargetPlatformManager: Display: Loaded TargetPlatform 'WindowsNoEditor'
[2025.01.27-13.19.38:082][  0]LogTargetPlatformManager: Display: Loaded TargetPlatform 'Windows'
[2025.01.27-13.19.38:088][  0]LogTargetPlatformManager: Display: Loaded TargetPlatform 'WindowsClient'
[2025.01.27-13.19.38:094][  0]LogTargetPlatformManager: Display: Loaded TargetPlatform 'WindowsServer'
[2025.01.27-13.19.38:094][  0]LogTargetPlatformManager: Display: Building Assets For Windows
[2025.01.27-13.19.38:103][  0]LogAudioDebug: Display: Lib vorbis DLL was dynamically loaded.
[2025.01.27-13.19.38:162][  0]LogTextureFormatOodle: Display: Oodle Texture 2.9.0 init RDO Off
[2025.01.27-13.19.38:222][  0]LogRendererCore: Ray tracing is disabled. Reason: r.RayTracing=0.
[2025.01.27-13.19.38:222][  0]LogShaderCompilers: Guid format shader working directory is -13 characters bigger than the processId version (../../../../../../UE5/Projects/Learn/XYZ_Course/XYZ_Course/Intermediate/Shaders/WorkingDirectory/44728/).
[2025.01.27-13.19.38:223][  0]LogShaderCompilers: Cleaned the shader compiler working directory 'C:/Users/nicec/AppData/Local/Temp/UnrealShaderWorkingDir/F4F992C04A2F31C3A71175AADDBB5CF1/'.
[2025.01.27-13.19.38:223][  0]LogXGEController: Cannot use XGE Controller as Incredibuild is not installed on this machine.
[2025.01.27-13.19.38:223][  0]LogShaderCompilers: Cannot use XGE Shader Compiler as Incredibuild is not installed on this machine.
[2025.01.27-13.19.38:223][  0]LogShaderCompilers: Display: Using Local Shader Compiler.
[2025.01.27-13.19.38:990][  0]LogDerivedDataCache: Display: Max Cache Size: 512 MB
[2025.01.27-13.19.39:037][  0]LogDerivedDataCache: Loaded boot cache 0.05s 105MB C:/Users/nicec/AppData/Local/UnrealEngine/4.27/DerivedDataCache/Boot.ddc.
[2025.01.27-13.19.39:038][  0]LogDerivedDataCache: Display: Loaded Boot cache: C:/Users/nicec/AppData/Local/UnrealEngine/4.27/DerivedDataCache/Boot.ddc
[2025.01.27-13.19.39:038][  0]LogDerivedDataCache: FDerivedDataBackendGraph:  Pak pak cache file ../../../../../../UE5/Projects/Learn/XYZ_Course/XYZ_Course/DerivedDataCache/DDC.ddp not found, will not use a pak cache.
[2025.01.27-13.19.39:038][  0]LogDerivedDataCache: Unable to find inner node Pak for hierarchical cache Hierarchy.
[2025.01.27-13.19.39:038][  0]LogDerivedDataCache: FDerivedDataBackendGraph:  CompressedPak pak cache file ../../../../../../UE5/Projects/Learn/XYZ_Course/XYZ_Course/DerivedDataCache/Compressed.ddp not found, will not use a pak cache.
[2025.01.27-13.19.39:038][  0]LogDerivedDataCache: Unable to find inner node CompressedPak for hierarchical cache Hierarchy.
[2025.01.27-13.19.39:055][  0]LogDerivedDataCache: Display: Pak cache opened for reading ../../../Engine/DerivedDataCache/Compressed.ddp.
[2025.01.27-13.19.39:055][  0]LogDerivedDataCache: FDerivedDataBackendGraph:  EnterprisePak pak cache file ../../../Enterprise/DerivedDataCache/Compressed.ddp not found, will not use a pak cache.
[2025.01.27-13.19.39:055][  0]LogDerivedDataCache: Unable to find inner node EnterprisePak for hierarchical cache Hierarchy.
[2025.01.27-13.19.39:066][  0]LogDerivedDataCache: Speed tests for C:/Users/nicec/AppData/Local/UnrealEngine/Common/DerivedDataCache took 0.01 seconds
[2025.01.27-13.19.39:066][  0]LogDerivedDataCache: Display: Performance to C:/Users/nicec/AppData/Local/UnrealEngine/Common/DerivedDataCache: Latency=0.04ms. RandomReadSpeed=1362.18MBs, RandomWriteSpeed=95.86MBs. Assigned SpeedClass 'Local'
[2025.01.27-13.19.39:067][  0]LogDerivedDataCache: Using Local data cache path C:/Users/nicec/AppData/Local/UnrealEngine/Common/DerivedDataCache: Writable
[2025.01.27-13.19.39:067][  0]LogDerivedDataCache: Shared data cache path not found in *engine.ini, will not use an Shared cache.
[2025.01.27-13.19.39:067][  0]LogDerivedDataCache: Unable to find inner node Shared for hierarchical cache Hierarchy.
[2025.01.27-13.19.39:121][  0]LogSlate: Using FreeType 2.10.0
[2025.01.27-13.19.39:122][  0]LogSlate: SlateFontServices - WITH_FREETYPE: 1, WITH_HARFBUZZ: 1
[2025.01.27-13.19.39:144][  0]LogAssetRegistry: FAssetRegistry took 0.0027 seconds to start up
[2025.01.27-13.19.39:466][  0]LogInit: Selected Device Profile: [Windows]
[2025.01.27-13.19.39:466][  0]LogInit: Active device profile: [0000017A2A745400][0000017A2232DA40 49] Windows
[2025.01.27-13.19.39:466][  0]LogInit: Profiles: [0000017A2A745400][0000017A2232DA40 49] Windows, [0000017A2A6D6800][0000017A21F29BC0 49] WindowsNoEditor, [0000017A2A747100][0000017A21F2C1C0 49] WindowsServer, [0000017A2A6DFF00][0000017A21F30340 49] WindowsClient, [0000017A2A6D7A00][0000017A21F344C0 49] IOS, [0000017A2A6DF200][0000017A22330600 49] iPadAir, [0000017A2A6D5E00][0000017A21F38740 49] iPadAir2, [0000017A2A634500][0000017A27DAA980 49] IPadPro, [0000017A2A634600][0000017A27DA69C0 49] iPadAir3, [0000017A2A6DDA00][0000017A27DB2B40 49] iPadAir4, [0000017A2A635300][0000017A27DB6CC0 49] iPadMini2, [0000017A2A6DFE00][0000017A27DBAE40 49] iPadMini3, [0000017A2A637200][0000017A222CAFC0 49] iPadMini4, [0000017A2A6DF800][0000017A222CF140 49] iPadMini5, [0000017A2A633F00][0000017A222D7400 49] iPhone6, [0000017A2A633E00][0000017A222D3440 49] iPodTouch6, [0000017A2A746500][0000017A222DF700 49] iPhone7, [0000017A2A746600][0000017A222DB740 49] iPodTouch7, [0000017A2A630600][0000017A222E38C0 49] iPhone5S, [0000017A2A636F00][0000017A222E7A40 49] iPhone6Plus, [0000017A2A632000][0000017A222EBBC0 49] iPhone6S, [0000017A2A635000][0000017A222EE1C0 49] iPhone6SPlus, [0000017A2A630A00][0000017A27FEC340 49] iPhone7Plus, [0000017A2A637E00][0000017A27FF04C0 49] iPhoneSE, [0000017A2A746400][0000017A27FF4640 49] iPhone8, [0000017A2A635B00][0000017A27DAE780 49] iPhone8Plus, [0000017A2A745D00][0000017A27FF88C0 49] iPhoneX, [0000017A2A635A00][0000017A27FFCA00 49] iPhoneXS, [0000017A2A744200][0000017A28000B40 49] iPhoneXSMax, [0000017A2A637800][0000017A28008CC0 49] iPhoneXR, [0000017A2A745B00][0000017A2800CE40 49] iPhone11, [0000017A2A634F00][0000017A28010FC0 49] iPhone11Pro, [0000017A2A744E00][0000017A28015140 49] iPhone11ProMax, [0000017A2A635900][0000017A280192C0 49] iPhoneSE2, [0000017A2A744C00][0000017A2801D440 49] iPhone12Mini, [0000017A2A636000][0000017A280215C0 49] iPhone12, [0000017A2A745F00][0000017A28025740 49] iPhone12Pro, [0000017A2A636200][0000017A280298C0 49] iPhone12ProMax, [0000017A2A744500][0000017A2802DA40 49] iPadPro105, [0000017A2A637900][0000017A28031BC0 49] iPadPro129, [0000017A2A747600][0000017A280341C0 49] iPadPro97, [0000017A2A637D00][0000017A28126340 49] iPadPro2_129, [0000017A2A747000][0000017A2812A4C0 49] iPad5, [0000017A2A635800][0000017A2812E640 49] iPad6, [0000017A2A745200][0000017A281327C0 49] iPad7, [0000017A2A636900][0000017A28136940 49] iPad8, [0000017A2A744100][0000017A28004A80 49] iPadPro11, [0000017A2A637600][0000017A2813ABC0 49] iPadPro2_11, [0000017A2A745600][0000017A2813ED00 49] iPadPro3_129, [0000017A2A637100][0000017A28146E80 49] iPadPro4_129, [0000017A2A746B00][0000017A2814B000 49] AppleTV, [0000017A2A634C00][0000017A2814F180 49] AppleTV4K, [0000017A2A745E00][0000017A28153300 49] TVOS, [0000017A2A636800][0000017A28157480 49] Mac, [0000017A2A746300][0000017A2815B600 49] MacClient, [0000017A2A635600][0000017A2815F780 49] MacNoEditor, [0000017A2A746100][0000017A28163900 49] MacServer, [0000017A2A635500][0000017A28167A80 49] Linux, [0000017A2A744B00][0000017A2816BC00 49] LinuxAArch64, [0000017A2A634200][0000017A2816E200 49] LinuxNoEditor, [0000017A2A744900][0000017A28176380 49] LinuxAArch64NoEditor, [0000017A2A636E00][0000017A2817A500 49] LinuxClient, [0000017A2A746900][0000017A2817E680 49] LinuxAArch64Client, [0000017A2A636B00][0000017A28182800 49] LinuxServer, [0000017A2A744400][0000017A28186980 49] LinuxAArch64Server, [0000017A2A637500][0000017A2818AB00 49] Android, [0000017A2A745100][0000017A28142C40 49] Android_Low, [0000017A2A6DE900][0000017A2818ED80 49] Android_Mid, [0000017A2A632700][0000017A2A4B8EC0 49] Android_High, [0000017A2A6DD000][0000017A2A4C1040 49] Android_Default, [0000017A2A632F00][0000017A2A4C51C0 49] Android_Adreno4xx, [0000017A2A6DC200][0000017A2A4C9340 49] Android_Adreno5xx_Low, [0000017A2A633100][0000017A2A4CD4C0 49] Android_Adreno5xx, [0000017A2A6DE500][0000017A2A4D1640 49] Android_Adreno6xx, [0000017A2A630900][0000017A2A4D57C0 49] Android_Adreno6xx_Vulkan, [0000017A2A6DDF00][0000017A2A4D9940 49] Android_Mali_T6xx, [0000017A2A632A00][0000017A2A4DDAC0 49] Android_Mali_T7xx, [0000017A2A6DCD00][0000017A2A4E00C0 49] Android_Mali_T8xx, [0000017A2A633C00][0000017A2A4E4240 49] Android_Mali_G71, [0000017A2A6DEC00][0000017A2A4E83C0 49] Android_Mali_G72, [0000017A2A631400][0000017A2A4EC540 49] Android_Mali_G72_Vulkan, [0000017A2A6DCF00][0000017A2A4F06C0 49] Android_Mali_G76, [0000017A2A631000][0000017A2A4F4840 49] Android_Mali_G76_Vulkan, [0000017A2A6DC500][0000017A2A4F89C0 49] Android_Mali_G77, [0000017A2A630B00][0000017A2A4FCB40 49] Android_Mali_G77_Vulkan, [0000017A2A6DD200][0000017A2A500CC0 49] Android_Mali_G78, [0000017A2A633800][0000017A2A4BCE00 49] Android_Mali_G78_Vulkan, [0000017A2A6DC100][0000017A2A504F40 49] Android_Mali_G710, [0000017A2A632500][0000017A2A509080 49] Android_Mali_G710_Vulkan, [0000017A2A6DD900][0000017A2A50D1C0 49] Android_Vulkan_SM5, [0000017A2A633A00][0000017A2A515340 49] Android_PowerVR_G6xxx, [0000017A2A6DC700][0000017A2A5194C0 49] Android_PowerVR_GT7xxx, [0000017A2A631C00][0000017A2A51D640 49] Android_PowerVR_GE8xxx, [0000017A2A6DC900][0000017A2A5217C0 49] Android_PowerVR_GM9xxx, [0000017A2A631800][0000017A2A525940 49] Android_PowerVR_GM9xxx_Vulkan, [0000017A2A6DD100][0000017A2A529AC0 49] Android_TegraK1, [0000017A2A630800][0000017A2A52C0C0 49] Android_Unknown_Vulkan, [0000017A2A6DE400][0000017A2A530240 49] Lumin, [0000017A2A632D00][0000017A2A5343C0 49] Lumin_Desktop, [0000017A2A6DEA00][0000017A2A538540 49] HoloLens, 
[2025.01.27-13.19.39:642][  0]LogMeshReduction: Using QuadricMeshReduction for automatic static mesh reduction
[2025.01.27-13.19.39:642][  0]LogMeshReduction: Using SimplygonMeshReduction for automatic skeletal mesh reduction
[2025.01.27-13.19.39:642][  0]LogMeshReduction: Using ProxyLODMeshReduction for automatic mesh merging
[2025.01.27-13.19.39:642][  0]LogMeshReduction: No distributed automatic mesh merging module available
[2025.01.27-13.19.39:642][  0]LogMeshMerging: No distributed automatic mesh merging module available
[2025.01.27-13.19.39:668][  0]LogNetVersion: XYZ_Course 1.0.0, NetCL: 17155196, EngineNetVer: 17, GameNetVer: 0 (Checksum: 2554494480)
[2025.01.27-13.19.40:200][  0]LogTexture: Default maximum texture size for cubemaps generated from long-lat sources has been changed from 512 to unlimited. In order to preserve old behaiour for '/Engine/MapTemplates/Sky/DaylightAmbientCubemap.DaylightAmbientCubemap', its maximum texture size has been explicitly set to 512.
[2025.01.27-13.19.40:272][  0]LogHMD: PokeAHoleMaterial loaded successfully
[2025.01.27-13.19.40:281][  0]LogUObjectArray: 17178 objects as part of root set at end of initial load.
[2025.01.27-13.19.40:281][  0]LogUObjectAllocator: 4302048 out of 0 bytes used by permanent object pool.
[2025.01.27-13.19.40:281][  0]LogUObjectArray: CloseDisregardForGC: 0/0 objects in disregard for GC pool
[2025.01.27-13.19.40:683][  0]LogPython: Using Python 3.7.7
[2025.01.27-13.19.41:163][  0]LogNiagaraDebuggerClient: Niagara Debugger Client Initialized | Session: 8F4A56424E628557CC6984AAEC9909AB | Instance: C5CBB6034619CC50D23C3597E1B5584E (SVYATINYA-44728).
[2025.01.27-13.19.41:359][  0]LogTcpMessaging: Initializing TcpMessaging bridge
[2025.01.27-13.19.41:380][  0]LogUdpMessaging: Initializing bridge on interface 0.0.0.0:0 to multicast group 230.0.0.1:6666.
[2025.01.27-13.19.41:584][  0]SourceControl: Source control is disabled
[2025.01.27-13.19.41:584][  0]SourceControl: Source control is disabled
[2025.01.27-13.19.41:592][  0]SourceControl: Source control is disabled
[2025.01.27-13.19.41:598][  0]SourceControl: Source control is disabled
[2025.01.27-13.19.41:603][  0]SourceControl: Source control is disabled
[2025.01.27-13.19.41:617][  0]LogUProjectInfo: Found projects:
[2025.01.27-13.19.41:862][  0]LogOpenImageDenoise: OIDN starting up
[2025.01.27-13.19.41:938][  0]LogAndroidPermission: UAndroidPermissionCallbackProxy::GetInstance
[2025.01.27-13.19.41:965][  0]LogAudioCaptureCore: Display: No Audio Capture implementations found. Audio input will be silent.
[2025.01.27-13.19.41:965][  0]LogAudioCaptureCore: Display: No Audio Capture implementations found. Audio input will be silent.
[2025.01.27-13.19.42:097][  0]LogCollectionManager: Loaded 0 collections in 0.000624 seconds
[2025.01.27-13.19.42:129][  0]LogFileCache: Scanning file cache for directory 'D:/UE5/Projects/Learn/XYZ_Course/XYZ_Course/Saved/Collections/' took 0.00s
[2025.01.27-13.19.42:129][  0]LogFileCache: Scanning file cache for directory 'D:/UE5/Projects/Learn/XYZ_Course/XYZ_Course/Content/Developers/nicec/Collections/' took 0.00s
[2025.01.27-13.19.42:129][  0]LogFileCache: Scanning file cache for directory 'D:/UE5/Projects/Learn/XYZ_Course/XYZ_Course/Content/Collections/' took 0.00s
[2025.01.27-13.19.42:129][  0]LogOcInput: OculusInput pre-init called
[2025.01.27-13.19.42:361][  0]LogEngine: Initializing Engine...
[2025.01.27-13.19.42:422][  0]LogHMD: Failed to enumerate extensions. Please check that you have a valid OpenXR runtime installed.
[2025.01.27-13.19.42:422][  0]LogHMD: Failed to initialize OpenVR with code 110
[2025.01.27-13.19.42:422][  0]LogMagicLeap: Warning: VR disabled because ZI is not enabled.  To enable, in the editor, Edit -> Project Settings -> Plugins -> Magic Leap Plugin -> Enable Zero Iteration
[2025.01.27-13.19.42:423][  0]LogStats: UGameplayTagsManager::InitializeManager -  0.000 s
[2025.01.27-13.19.42:582][  0]LogInit: Initializing FReadOnlyCVARCache
[2025.01.27-13.19.42:592][  0]LogAIModule: Creating AISystem for world Untitled
[2025.01.27-13.19.42:592][  0]LogAudio: Display: Initializing Audio Device Manager...
[2025.01.27-13.19.42:597][  0]LogAudio: Display: Loading Default Audio Settings Objects...
[2025.01.27-13.19.42:597][  0]LogAudio: Display: No default SoundConcurrencyObject specified (or failed to load).
[2025.01.27-13.19.42:598][  0]LogAudio: Display: Audio Device Manager Initialized
[2025.01.27-13.19.42:598][  0]LogAudio: Display: Creating Audio Device:                 Id: 1, Scope: Shared, Realtime: True
[2025.01.27-13.19.42:598][  0]LogAudioMixer: Display: Audio Mixer Platform Settings:
[2025.01.27-13.19.42:598][  0]LogAudioMixer: Display: 	Sample Rate:						  48000
[2025.01.27-13.19.42:598][  0]LogAudioMixer: Display: 	Callback Buffer Frame Size Requested: 1024
[2025.01.27-13.19.42:598][  0]LogAudioMixer: Display: 	Callback Buffer Frame Size To Use:	  1024
[2025.01.27-13.19.42:598][  0]LogAudioMixer: Display: 	Number of buffers to queue:			  2
[2025.01.27-13.19.42:598][  0]LogAudioMixer: Display: 	Max Channels (voices):				  32
[2025.01.27-13.19.42:598][  0]LogAudioMixer: Display: 	Number of Async Source Workers:		  0
[2025.01.27-13.19.42:598][  0]LogAudio: Display: AudioDevice MaxSources: 32
[2025.01.27-13.19.42:598][  0]LogAudio: Display: Audio Spatialization Plugin: None (built-in).
[2025.01.27-13.19.42:598][  0]LogAudio: Display: Audio Reverb Plugin: None (built-in).
[2025.01.27-13.19.42:598][  0]LogAudio: Display: Audio Occlusion Plugin: None (built-in).
[2025.01.27-13.19.42:598][  0]LogAudioMixer: Display: Initializing audio mixer.
[2025.01.27-13.19.43:215][  0]LogAudioMixer: Display: 0: FrontLeft
[2025.01.27-13.19.43:215][  0]LogAudioMixer: Display: 1: FrontRight
[2025.01.27-13.19.43:237][  0]LogAudioMixer: Display: Using Audio Device ASUS PG329 (NVIDIA High Definition Audio)
[2025.01.27-13.19.43:242][  0]LogAudioMixer: Display: Initializing Sound Submixes...
[2025.01.27-13.19.43:244][  0]LogAudioMixer: Display: Creating Master Submix 'MasterSubmixDefault'
[2025.01.27-13.19.43:244][  0]LogAudioMixer: Display: Creating Master Submix 'MasterReverbSubmixDefault'
[2025.01.27-13.19.43:246][  0]LogAudioMixer: Display: Creating Master Submix 'MasterEQSubmixDefault'
[2025.01.27-13.19.43:246][  0]LogAudioMixer: FMixerPlatformXAudio2::StartAudioStream() called
[2025.01.27-13.19.43:246][  0]LogAudioMixer: Display: Output buffers initialized: Frames=1024, Channels=2, Samples=2048
[2025.01.27-13.19.43:247][  0]LogAudioMixer: Display: Starting AudioMixerPlatformInterface::RunInternal()
[2025.01.27-13.19.43:247][  0]LogAudioMixer: Display: FMixerPlatformXAudio2::SubmitBuffer() called for the first time
[2025.01.27-13.19.43:247][  0]LogInit: FAudioDevice initialized.
[2025.01.27-13.19.43:248][  0]LogAudio: Display: Audio Device (ID: 1) registered with world 'Untitled'.
[2025.01.27-13.19.43:248][  0]LogNetVersion: Set ProjectVersion to 1.0.0.0. Version Checksum will be recalculated on next use.
[2025.01.27-13.19.43:499][  0]LogDerivedDataCache: Saved boot cache 0.25s 105MB C:/Users/nicec/AppData/Local/UnrealEngine/4.27/DerivedDataCache/Boot.ddc.
[2025.01.27-13.19.43:500][  0]LogInit: Texture streaming: Enabled
[2025.01.27-13.19.43:513][  0]LogAnalytics: Display: [UEEditor.Rocket.Release] APIServer = https://datarouter.ol.epicgames.com/. AppVersion = 4.27.2-18319896+++UE4+Release-4.27
[2025.01.27-13.19.43:517][  0]LogEngineSessionManager: EngineSessionManager initialized
[2025.01.27-13.19.43:517][  0]LogEditorSessionSummary: Verbose: Initializing EditorSessionSummaryWriter for editor session tracking
[2025.01.27-13.19.43:519][  0]LogEditorSessionSummary: EditorSessionSummaryWriter initialized
[2025.01.27-13.19.43:541][  0]LogInit: Transaction tracking system initialized
[2025.01.27-13.19.43:566][  0]BlueprintLog: New page: Editor Load
[2025.01.27-13.19.43:659][  0]LocalizationService: Localization service is disabled
[2025.01.27-13.19.43:691][  0]TimingProfiler: Initialize
[2025.01.27-13.19.43:691][  0]TimingProfiler: OnSessionChanged
[2025.01.27-13.19.43:691][  0]LoadingProfiler: Initialize
[2025.01.27-13.19.43:691][  0]LoadingProfiler: OnSessionChanged
[2025.01.27-13.19.43:691][  0]NetworkingProfiler: Initialize
[2025.01.27-13.19.43:691][  0]NetworkingProfiler: OnSessionChanged
[2025.01.27-13.19.43:691][  0]MemoryProfiler: Initialize
[2025.01.27-13.19.43:691][  0]MemoryProfiler: OnSessionChanged
[2025.01.27-13.19.43:863][  0]LogCook: Display: CookSettings for Memory: MemoryMaxUsedVirtual 0MiB, MemoryMaxUsedPhysical 16384MiB, MemoryMinFreeVirtual 0MiB, MemoryMinFreePhysical 1024MiB
[2025.01.27-13.19.43:863][  0]LogCook: Display: Mobile HDR setting 1
[2025.01.27-13.19.44:049][  0]LogFileCache: Scanning file cache for directory 'D:/UE5/Projects/Learn/XYZ_Course/XYZ_Course/Content/' took 0.00s
[2025.01.27-13.19.44:186][  0]LogInit: Display: Engine is initialized. Leaving FEngineLoop::Init()
[2025.01.27-13.19.44:189][  0]SourceControl: Source control is disabled
[2025.01.27-13.19.44:189][  0]LogUnrealEdMisc: Loading editor; pre map load, took 8.363
[2025.01.27-13.19.44:190][  0]Cmd: MAP LOAD FILE="../../../Engine/Content/Maps/Templates/Template_Default.umap" TEMPLATE=1 SHOWPROGRESS=1 FEATURELEVEL=3
[2025.01.27-13.19.44:190][  0]LightingResults: New page: Lighting Build
[2025.01.27-13.19.44:191][  0]LogWorld: UWorld::CleanupWorld for Untitled, bSessionEnded=true, bCleanupResources=true
[2025.01.27-13.19.44:191][  0]LogSlate: InvalidateAllWidgets triggered.  All widgets were invalidated
[2025.01.27-13.19.44:191][  0]MapCheck: New page: Map Check
[2025.01.27-13.19.44:191][  0]LightingResults: New page: Lighting Build
[2025.01.27-13.19.44:194][  0]LogAudio: Display: Audio Device unregistered from world 'None'.
[2025.01.27-13.19.44:197][  0]LogUObjectHash: Compacting FUObjectHashTables data took   0.67ms
[2025.01.27-13.19.44:237][  0]LogTexture: Display: Building textures: DeprecatedTextureEB9CBE3C423008B5E8E130901E171C89 (BGRA8, 128X128)
[2025.01.27-13.19.44:245][  0]LogAudio: Display: Audio Device (ID: 1) registered with world 'Untitled_1'.
[2025.01.27-13.19.44:245][  0]LogAIModule: Creating AISystem for world Untitled_1
[2025.01.27-13.19.44:249][  0]LogEditorServer: Finished looking for orphan Actors (0.000 secs)
[2025.01.27-13.19.44:254][  0]LogUObjectHash: Compacting FUObjectHashTables data took   0.88ms
[2025.01.27-13.19.44:254][  0]Cmd: MAP CHECKDEP NOCLEARLOG
[2025.01.27-13.19.44:255][  0]MapCheck: Map check complete: 0 Error(s), 0 Warning(s), took 0,373ms to complete.
[2025.01.27-13.19.44:255][  0]LogFileHelpers: Loading map 'Template_Default' took 0.065
[2025.01.27-13.19.44:258][  0]LogUnrealEdMisc: Total Editor Startup Time, took 8.431
[2025.01.27-13.19.44:416][  0]LogSlate: Updating window title bar state: overlay mode, drag disabled, window buttons hidden, title bar hidden
[2025.01.27-13.19.44:422][  0]LogSlate: Updating window title bar state: overlay mode, drag disabled, window buttons hidden, title bar hidden
[2025.01.27-13.19.44:426][  0]LogSlate: Updating window title bar state: overlay mode, drag disabled, window buttons hidden, title bar hidden
[2025.01.27-13.19.44:430][  0]LogSlate: Updating window title bar state: overlay mode, drag disabled, window buttons hidden, title bar hidden
[2025.01.27-13.19.44:456][  0]LogNativeClassHierarchy: Verbose: Native class hierarchy populated in 0.0080 seconds. Added 3823 classes and 930 folders.
[2025.01.27-13.19.44:461][  0]LogNativeClassHierarchy: Verbose: Native class hierarchy updated for 'WidgetCarousel' in 0.0003 seconds. Added 0 classes and 0 folders.
[2025.01.27-13.19.44:463][  0]LogPakFile: PakFile PrimaryIndexSize=187
[2025.01.27-13.19.44:463][  0]LogPakFile: PakFile PathHashIndexSize=101
[2025.01.27-13.19.44:463][  0]LogPakFile: PakFile FullDirectoryIndexSize=148
[2025.01.27-13.19.44:463][  0]LogShaderLibrary: Display: ShaderCodeLibraryPakFileMountedCallback: PakFile 'D:/Program Files/Epic Games/UE_4.27/FeaturePacks/FP_FirstPerson.upack' (chunk index -1, root 'root:/') mounted
[2025.01.27-13.19.44:463][  0]LogShaderLibrary: Display: ShaderCodeLibraryPakFileMountedCallback: pending pak file info (ChunkID:-1 Root:root:/ File:D:/Program Files/Epic Games/UE_4.27/FeaturePacks/FP_FirstPerson.upack)
[2025.01.27-13.19.44:463][  0]LogPakFile: OnPakFileMounted2Time == 0.000044
[2025.01.27-13.19.44:463][  0]LogPakFile: PakFile PrimaryIndexSize=189
[2025.01.27-13.19.44:464][  0]LogPakFile: PakFile PathHashIndexSize=101
[2025.01.27-13.19.44:464][  0]LogPakFile: PakFile FullDirectoryIndexSize=152
[2025.01.27-13.19.44:464][  0]LogShaderLibrary: Display: ShaderCodeLibraryPakFileMountedCallback: PakFile 'D:/Program Files/Epic Games/UE_4.27/FeaturePacks/FP_FirstPersonBP.upack' (chunk index -1, root 'root:/') mounted
[2025.01.27-13.19.44:464][  0]LogShaderLibrary: Display: ShaderCodeLibraryPakFileMountedCallback: pending pak file info (ChunkID:-1 Root:root:/ File:D:/Program Files/Epic Games/UE_4.27/FeaturePacks/FP_FirstPersonBP.upack)
[2025.01.27-13.19.44:464][  0]LogPakFile: OnPakFileMounted2Time == 0.000029
[2025.01.27-13.19.44:464][  0]LogPakFile: PakFile PrimaryIndexSize=191
[2025.01.27-13.19.44:464][  0]LogPakFile: PakFile PathHashIndexSize=101
[2025.01.27-13.19.44:464][  0]LogPakFile: PakFile FullDirectoryIndexSize=160
[2025.01.27-13.19.44:464][  0]LogShaderLibrary: Display: ShaderCodeLibraryPakFileMountedCallback: PakFile 'D:/Program Files/Epic Games/UE_4.27/FeaturePacks/MobileStarterContent.upack' (chunk index -1, root 'root:/') mounted
[2025.01.27-13.19.44:464][  0]LogShaderLibrary: Display: ShaderCodeLibraryPakFileMountedCallback: pending pak file info (ChunkID:-1 Root:root:/ File:D:/Program Files/Epic Games/UE_4.27/FeaturePacks/MobileStarterContent.upack)
[2025.01.27-13.19.44:464][  0]LogPakFile: OnPakFileMounted2Time == 0.000026
[2025.01.27-13.19.44:465][  0]LogPakFile: PakFile PrimaryIndexSize=185
[2025.01.27-13.19.44:465][  0]LogPakFile: PakFile PathHashIndexSize=101
[2025.01.27-13.19.44:465][  0]LogPakFile: PakFile FullDirectoryIndexSize=148
[2025.01.27-13.19.44:465][  0]LogShaderLibrary: Display: ShaderCodeLibraryPakFileMountedCallback: PakFile 'D:/Program Files/Epic Games/UE_4.27/FeaturePacks/StarterContent.upack' (chunk index -1, root 'root:/') mounted
[2025.01.27-13.19.44:465][  0]LogShaderLibrary: Display: ShaderCodeLibraryPakFileMountedCallback: pending pak file info (ChunkID:-1 Root:root:/ File:D:/Program Files/Epic Games/UE_4.27/FeaturePacks/StarterContent.upack)
[2025.01.27-13.19.44:465][  0]LogPakFile: OnPakFileMounted2Time == 0.000026
[2025.01.27-13.19.44:466][  0]LogPakFile: PakFile PrimaryIndexSize=190
[2025.01.27-13.19.44:466][  0]LogPakFile: PakFile PathHashIndexSize=101
[2025.01.27-13.19.44:466][  0]LogPakFile: PakFile FullDirectoryIndexSize=154
[2025.01.27-13.19.44:466][  0]LogShaderLibrary: Display: ShaderCodeLibraryPakFileMountedCallback: PakFile 'D:/Program Files/Epic Games/UE_4.27/FeaturePacks/TP_2DSideScroller.upack' (chunk index -1, root 'root:/') mounted
[2025.01.27-13.19.44:466][  0]LogShaderLibrary: Display: ShaderCodeLibraryPakFileMountedCallback: pending pak file info (ChunkID:-1 Root:root:/ File:D:/Program Files/Epic Games/UE_4.27/FeaturePacks/TP_2DSideScroller.upack)
[2025.01.27-13.19.44:466][  0]LogPakFile: OnPakFileMounted2Time == 0.000051
[2025.01.27-13.19.44:467][  0]LogPakFile: PakFile PrimaryIndexSize=192
[2025.01.27-13.19.44:467][  0]LogPakFile: PakFile PathHashIndexSize=101
[2025.01.27-13.19.44:467][  0]LogPakFile: PakFile FullDirectoryIndexSize=158
[2025.01.27-13.19.44:467][  0]LogShaderLibrary: Display: ShaderCodeLibraryPakFileMountedCallback: PakFile 'D:/Program Files/Epic Games/UE_4.27/FeaturePacks/TP_2DSideScrollerBP.upack' (chunk index -1, root 'root:/') mounted
[2025.01.27-13.19.44:468][  0]LogShaderLibrary: Display: ShaderCodeLibraryPakFileMountedCallback: pending pak file info (ChunkID:-1 Root:root:/ File:D:/Program Files/Epic Games/UE_4.27/FeaturePacks/TP_2DSideScrollerBP.upack)
[2025.01.27-13.19.44:468][  0]LogPakFile: OnPakFileMounted2Time == 0.000047
[2025.01.27-13.19.44:468][  0]LogPakFile: PakFile PrimaryIndexSize=182
[2025.01.27-13.19.44:468][  0]LogPakFile: PakFile PathHashIndexSize=101
[2025.01.27-13.19.44:468][  0]LogPakFile: PakFile FullDirectoryIndexSize=138
[2025.01.27-13.19.44:468][  0]LogShaderLibrary: Display: ShaderCodeLibraryPakFileMountedCallback: PakFile 'D:/Program Files/Epic Games/UE_4.27/FeaturePacks/TP_Flying.upack' (chunk index -1, root 'root:/') mounted
[2025.01.27-13.19.44:469][  0]LogShaderLibrary: Display: ShaderCodeLibraryPakFileMountedCallback: pending pak file info (ChunkID:-1 Root:root:/ File:D:/Program Files/Epic Games/UE_4.27/FeaturePacks/TP_Flying.upack)
[2025.01.27-13.19.44:469][  0]LogPakFile: OnPakFileMounted2Time == 0.000050
[2025.01.27-13.19.44:469][  0]LogPakFile: PakFile PrimaryIndexSize=184
[2025.01.27-13.19.44:469][  0]LogPakFile: PakFile PathHashIndexSize=101
[2025.01.27-13.19.44:469][  0]LogPakFile: PakFile FullDirectoryIndexSize=142
[2025.01.27-13.19.44:469][  0]LogShaderLibrary: Display: ShaderCodeLibraryPakFileMountedCallback: PakFile 'D:/Program Files/Epic Games/UE_4.27/FeaturePacks/TP_FlyingBP.upack' (chunk index -1, root 'root:/') mounted
[2025.01.27-13.19.44:469][  0]LogShaderLibrary: Display: ShaderCodeLibraryPakFileMountedCallback: pending pak file info (ChunkID:-1 Root:root:/ File:D:/Program Files/Epic Games/UE_4.27/FeaturePacks/TP_FlyingBP.upack)
[2025.01.27-13.19.44:469][  0]LogPakFile: OnPakFileMounted2Time == 0.000029
[2025.01.27-13.19.44:470][  0]LogPakFile: PakFile PrimaryIndexSize=188
[2025.01.27-13.19.44:470][  0]LogPakFile: PakFile PathHashIndexSize=101
[2025.01.27-13.19.44:470][  0]LogPakFile: PakFile FullDirectoryIndexSize=150
[2025.01.27-13.19.44:470][  0]LogShaderLibrary: Display: ShaderCodeLibraryPakFileMountedCallback: PakFile 'D:/Program Files/Epic Games/UE_4.27/FeaturePacks/TP_HandheldARBP.upack' (chunk index -1, root 'root:/') mounted
[2025.01.27-13.19.44:470][  0]LogShaderLibrary: Display: ShaderCodeLibraryPakFileMountedCallback: pending pak file info (ChunkID:-1 Root:root:/ File:D:/Program Files/Epic Games/UE_4.27/FeaturePacks/TP_HandheldARBP.upack)
[2025.01.27-13.19.44:470][  0]LogPakFile: OnPakFileMounted2Time == 0.000023
[2025.01.27-13.19.44:471][  0]LogPakFile: PakFile PrimaryIndexSize=182
[2025.01.27-13.19.44:471][  0]LogPakFile: PakFile PathHashIndexSize=101
[2025.01.27-13.19.44:471][  0]LogPakFile: PakFile FullDirectoryIndexSize=138
[2025.01.27-13.19.44:471][  0]LogShaderLibrary: Display: ShaderCodeLibraryPakFileMountedCallback: PakFile 'D:/Program Files/Epic Games/UE_4.27/FeaturePacks/TP_Puzzle.upack' (chunk index -1, root 'root:/') mounted
[2025.01.27-13.19.44:471][  0]LogShaderLibrary: Display: ShaderCodeLibraryPakFileMountedCallback: pending pak file info (ChunkID:-1 Root:root:/ File:D:/Program Files/Epic Games/UE_4.27/FeaturePacks/TP_Puzzle.upack)
[2025.01.27-13.19.44:471][  0]LogPakFile: OnPakFileMounted2Time == 0.000024
[2025.01.27-13.19.44:472][  0]LogPakFile: PakFile PrimaryIndexSize=184
[2025.01.27-13.19.44:472][  0]LogPakFile: PakFile PathHashIndexSize=101
[2025.01.27-13.19.44:472][  0]LogPakFile: PakFile FullDirectoryIndexSize=142
[2025.01.27-13.19.44:472][  0]LogShaderLibrary: Display: ShaderCodeLibraryPakFileMountedCallback: PakFile 'D:/Program Files/Epic Games/UE_4.27/FeaturePacks/TP_PuzzleBP.upack' (chunk index -1, root 'root:/') mounted
[2025.01.27-13.19.44:472][  0]LogShaderLibrary: Display: ShaderCodeLibraryPakFileMountedCallback: pending pak file info (ChunkID:-1 Root:root:/ File:D:/Program Files/Epic Games/UE_4.27/FeaturePacks/TP_PuzzleBP.upack)
[2025.01.27-13.19.44:472][  0]LogPakFile: OnPakFileMounted2Time == 0.000027
[2025.01.27-13.19.44:473][  0]LogPakFile: PakFile PrimaryIndexSize=183
[2025.01.27-13.19.44:473][  0]LogPakFile: PakFile PathHashIndexSize=101
[2025.01.27-13.19.44:473][  0]LogPakFile: PakFile FullDirectoryIndexSize=140
[2025.01.27-13.19.44:473][  0]LogShaderLibrary: Display: ShaderCodeLibraryPakFileMountedCallback: PakFile 'D:/Program Files/Epic Games/UE_4.27/FeaturePacks/TP_Rolling.upack' (chunk index -1, root 'root:/') mounted
[2025.01.27-13.19.44:473][  0]LogShaderLibrary: Display: ShaderCodeLibraryPakFileMountedCallback: pending pak file info (ChunkID:-1 Root:root:/ File:D:/Program Files/Epic Games/UE_4.27/FeaturePacks/TP_Rolling.upack)
[2025.01.27-13.19.44:473][  0]LogPakFile: OnPakFileMounted2Time == 0.000023
[2025.01.27-13.19.44:473][  0]LogPakFile: PakFile PrimaryIndexSize=185
[2025.01.27-13.19.44:473][  0]LogPakFile: PakFile PathHashIndexSize=101
[2025.01.27-13.19.44:473][  0]LogPakFile: PakFile FullDirectoryIndexSize=144
[2025.01.27-13.19.44:473][  0]LogShaderLibrary: Display: ShaderCodeLibraryPakFileMountedCallback: PakFile 'D:/Program Files/Epic Games/UE_4.27/FeaturePacks/TP_RollingBP.upack' (chunk index -1, root 'root:/') mounted
[2025.01.27-13.19.44:473][  0]LogShaderLibrary: Display: ShaderCodeLibraryPakFileMountedCallback: pending pak file info (ChunkID:-1 Root:root:/ File:D:/Program Files/Epic Games/UE_4.27/FeaturePacks/TP_RollingBP.upack)
[2025.01.27-13.19.44:473][  0]LogPakFile: OnPakFileMounted2Time == 0.000023
[2025.01.27-13.19.44:474][  0]LogPakFile: PakFile PrimaryIndexSize=188
[2025.01.27-13.19.44:474][  0]LogPakFile: PakFile PathHashIndexSize=101
[2025.01.27-13.19.44:474][  0]LogPakFile: PakFile FullDirectoryIndexSize=150
[2025.01.27-13.19.44:474][  0]LogShaderLibrary: Display: ShaderCodeLibraryPakFileMountedCallback: PakFile 'D:/Program Files/Epic Games/UE_4.27/FeaturePacks/TP_SideScroller.upack' (chunk index -1, root 'root:/') mounted
[2025.01.27-13.19.44:474][  0]LogShaderLibrary: Display: ShaderCodeLibraryPakFileMountedCallback: pending pak file info (ChunkID:-1 Root:root:/ File:D:/Program Files/Epic Games/UE_4.27/FeaturePacks/TP_SideScroller.upack)
[2025.01.27-13.19.44:474][  0]LogPakFile: OnPakFileMounted2Time == 0.000026
[2025.01.27-13.19.44:474][  0]LogPakFile: PakFile PrimaryIndexSize=190
[2025.01.27-13.19.44:474][  0]LogPakFile: PakFile PathHashIndexSize=101
[2025.01.27-13.19.44:474][  0]LogPakFile: PakFile FullDirectoryIndexSize=154
[2025.01.27-13.19.44:474][  0]LogShaderLibrary: Display: ShaderCodeLibraryPakFileMountedCallback: PakFile 'D:/Program Files/Epic Games/UE_4.27/FeaturePacks/TP_SideScrollerBP.upack' (chunk index -1, root 'root:/') mounted
[2025.01.27-13.19.44:474][  0]LogShaderLibrary: Display: ShaderCodeLibraryPakFileMountedCallback: pending pak file info (ChunkID:-1 Root:root:/ File:D:/Program Files/Epic Games/UE_4.27/FeaturePacks/TP_SideScrollerBP.upack)
[2025.01.27-13.19.44:474][  0]LogPakFile: OnPakFileMounted2Time == 0.000027
[2025.01.27-13.19.44:475][  0]LogPakFile: PakFile PrimaryIndexSize=187
[2025.01.27-13.19.44:475][  0]LogPakFile: PakFile PathHashIndexSize=101
[2025.01.27-13.19.44:475][  0]LogPakFile: PakFile FullDirectoryIndexSize=148
[2025.01.27-13.19.44:475][  0]LogShaderLibrary: Display: ShaderCodeLibraryPakFileMountedCallback: PakFile 'D:/Program Files/Epic Games/UE_4.27/FeaturePacks/TP_ThirdPerson.upack' (chunk index -1, root 'root:/') mounted
[2025.01.27-13.19.44:475][  0]LogShaderLibrary: Display: ShaderCodeLibraryPakFileMountedCallback: pending pak file info (ChunkID:-1 Root:root:/ File:D:/Program Files/Epic Games/UE_4.27/FeaturePacks/TP_ThirdPerson.upack)
[2025.01.27-13.19.44:475][  0]LogPakFile: OnPakFileMounted2Time == 0.000022
[2025.01.27-13.19.44:476][  0]LogPakFile: PakFile PrimaryIndexSize=189
[2025.01.27-13.19.44:476][  0]LogPakFile: PakFile PathHashIndexSize=101
[2025.01.27-13.19.44:476][  0]LogPakFile: PakFile FullDirectoryIndexSize=152
[2025.01.27-13.19.44:476][  0]LogShaderLibrary: Display: ShaderCodeLibraryPakFileMountedCallback: PakFile 'D:/Program Files/Epic Games/UE_4.27/FeaturePacks/TP_ThirdPersonBP.upack' (chunk index -1, root 'root:/') mounted
[2025.01.27-13.19.44:476][  0]LogShaderLibrary: Display: ShaderCodeLibraryPakFileMountedCallback: pending pak file info (ChunkID:-1 Root:root:/ File:D:/Program Files/Epic Games/UE_4.27/FeaturePacks/TP_ThirdPersonBP.upack)
[2025.01.27-13.19.44:476][  0]LogPakFile: OnPakFileMounted2Time == 0.000034
[2025.01.27-13.19.44:476][  0]LogPakFile: PakFile PrimaryIndexSize=183
[2025.01.27-13.19.44:476][  0]LogPakFile: PakFile PathHashIndexSize=101
[2025.01.27-13.19.44:476][  0]LogPakFile: PakFile FullDirectoryIndexSize=140
[2025.01.27-13.19.44:476][  0]LogShaderLibrary: Display: ShaderCodeLibraryPakFileMountedCallback: PakFile 'D:/Program Files/Epic Games/UE_4.27/FeaturePacks/TP_TopDown.upack' (chunk index -1, root 'root:/') mounted
[2025.01.27-13.19.44:476][  0]LogShaderLibrary: Display: ShaderCodeLibraryPakFileMountedCallback: pending pak file info (ChunkID:-1 Root:root:/ File:D:/Program Files/Epic Games/UE_4.27/FeaturePacks/TP_TopDown.upack)
[2025.01.27-13.19.44:476][  0]LogPakFile: OnPakFileMounted2Time == 0.000030
[2025.01.27-13.19.44:477][  0]LogPakFile: PakFile PrimaryIndexSize=185
[2025.01.27-13.19.44:477][  0]LogPakFile: PakFile PathHashIndexSize=101
[2025.01.27-13.19.44:477][  0]LogPakFile: PakFile FullDirectoryIndexSize=144
[2025.01.27-13.19.44:477][  0]LogShaderLibrary: Display: ShaderCodeLibraryPakFileMountedCallback: PakFile 'D:/Program Files/Epic Games/UE_4.27/FeaturePacks/TP_TopDownBP.upack' (chunk index -1, root 'root:/') mounted
[2025.01.27-13.19.44:477][  0]LogShaderLibrary: Display: ShaderCodeLibraryPakFileMountedCallback: pending pak file info (ChunkID:-1 Root:root:/ File:D:/Program Files/Epic Games/UE_4.27/FeaturePacks/TP_TopDownBP.upack)
[2025.01.27-13.19.44:477][  0]LogPakFile: OnPakFileMounted2Time == 0.000030
[2025.01.27-13.19.44:478][  0]LogPakFile: PakFile PrimaryIndexSize=185
[2025.01.27-13.19.44:478][  0]LogPakFile: PakFile PathHashIndexSize=101
[2025.01.27-13.19.44:478][  0]LogPakFile: PakFile FullDirectoryIndexSize=144
[2025.01.27-13.19.44:478][  0]LogShaderLibrary: Display: ShaderCodeLibraryPakFileMountedCallback: PakFile 'D:/Program Files/Epic Games/UE_4.27/FeaturePacks/TP_TwinStick.upack' (chunk index -1, root 'root:/') mounted
[2025.01.27-13.19.44:478][  0]LogShaderLibrary: Display: ShaderCodeLibraryPakFileMountedCallback: pending pak file info (ChunkID:-1 Root:root:/ File:D:/Program Files/Epic Games/UE_4.27/FeaturePacks/TP_TwinStick.upack)
[2025.01.27-13.19.44:478][  0]LogPakFile: OnPakFileMounted2Time == 0.000023
[2025.01.27-13.19.44:479][  0]LogPakFile: PakFile PrimaryIndexSize=187
[2025.01.27-13.19.44:479][  0]LogPakFile: PakFile PathHashIndexSize=101
[2025.01.27-13.19.44:479][  0]LogPakFile: PakFile FullDirectoryIndexSize=148
[2025.01.27-13.19.44:479][  0]LogShaderLibrary: Display: ShaderCodeLibraryPakFileMountedCallback: PakFile 'D:/Program Files/Epic Games/UE_4.27/FeaturePacks/TP_TwinStickBP.upack' (chunk index -1, root 'root:/') mounted
[2025.01.27-13.19.44:479][  0]LogShaderLibrary: Display: ShaderCodeLibraryPakFileMountedCallback: pending pak file info (ChunkID:-1 Root:root:/ File:D:/Program Files/Epic Games/UE_4.27/FeaturePacks/TP_TwinStickBP.upack)
[2025.01.27-13.19.44:479][  0]LogPakFile: OnPakFileMounted2Time == 0.000023
[2025.01.27-13.19.44:479][  0]LogPakFile: PakFile PrimaryIndexSize=183
[2025.01.27-13.19.44:479][  0]LogPakFile: PakFile PathHashIndexSize=101
[2025.01.27-13.19.44:479][  0]LogPakFile: PakFile FullDirectoryIndexSize=140
[2025.01.27-13.19.44:479][  0]LogShaderLibrary: Display: ShaderCodeLibraryPakFileMountedCallback: PakFile 'D:/Program Files/Epic Games/UE_4.27/FeaturePacks/TP_Vehicle.upack' (chunk index -1, root 'root:/') mounted
[2025.01.27-13.19.44:479][  0]LogShaderLibrary: Display: ShaderCodeLibraryPakFileMountedCallback: pending pak file info (ChunkID:-1 Root:root:/ File:D:/Program Files/Epic Games/UE_4.27/FeaturePacks/TP_Vehicle.upack)
[2025.01.27-13.19.44:479][  0]LogPakFile: OnPakFileMounted2Time == 0.000022
[2025.01.27-13.19.44:480][  0]LogPakFile: PakFile PrimaryIndexSize=186
[2025.01.27-13.19.44:480][  0]LogPakFile: PakFile PathHashIndexSize=101
[2025.01.27-13.19.44:480][  0]LogPakFile: PakFile FullDirectoryIndexSize=146
[2025.01.27-13.19.44:480][  0]LogShaderLibrary: Display: ShaderCodeLibraryPakFileMountedCallback: PakFile 'D:/Program Files/Epic Games/UE_4.27/FeaturePacks/TP_VehicleAdv.upack' (chunk index -1, root 'root:/') mounted
[2025.01.27-13.19.44:480][  0]LogShaderLibrary: Display: ShaderCodeLibraryPakFileMountedCallback: pending pak file info (ChunkID:-1 Root:root:/ File:D:/Program Files/Epic Games/UE_4.27/FeaturePacks/TP_VehicleAdv.upack)
[2025.01.27-13.19.44:480][  0]LogPakFile: OnPakFileMounted2Time == 0.000024
[2025.01.27-13.19.44:481][  0]LogPakFile: PakFile PrimaryIndexSize=188
[2025.01.27-13.19.44:481][  0]LogPakFile: PakFile PathHashIndexSize=101
[2025.01.27-13.19.44:481][  0]LogPakFile: PakFile FullDirectoryIndexSize=150
[2025.01.27-13.19.44:481][  0]LogShaderLibrary: Display: ShaderCodeLibraryPakFileMountedCallback: PakFile 'D:/Program Files/Epic Games/UE_4.27/FeaturePacks/TP_VehicleAdvBP.upack' (chunk index -1, root 'root:/') mounted
[2025.01.27-13.19.44:481][  0]LogShaderLibrary: Display: ShaderCodeLibraryPakFileMountedCallback: pending pak file info (ChunkID:-1 Root:root:/ File:D:/Program Files/Epic Games/UE_4.27/FeaturePacks/TP_VehicleAdvBP.upack)
[2025.01.27-13.19.44:481][  0]LogPakFile: OnPakFileMounted2Time == 0.000022
[2025.01.27-13.19.44:482][  0]LogPakFile: PakFile PrimaryIndexSize=185
[2025.01.27-13.19.44:482][  0]LogPakFile: PakFile PathHashIndexSize=101
[2025.01.27-13.19.44:482][  0]LogPakFile: PakFile FullDirectoryIndexSize=144
[2025.01.27-13.19.44:482][  0]LogShaderLibrary: Display: ShaderCodeLibraryPakFileMountedCallback: PakFile 'D:/Program Files/Epic Games/UE_4.27/FeaturePacks/TP_VehicleBP.upack' (chunk index -1, root 'root:/') mounted
[2025.01.27-13.19.44:482][  0]LogShaderLibrary: Display: ShaderCodeLibraryPakFileMountedCallback: pending pak file info (ChunkID:-1 Root:root:/ File:D:/Program Files/Epic Games/UE_4.27/FeaturePacks/TP_VehicleBP.upack)
[2025.01.27-13.19.44:482][  0]LogPakFile: OnPakFileMounted2Time == 0.000042
[2025.01.27-13.19.44:482][  0]LogPakFile: PakFile PrimaryIndexSize=192
[2025.01.27-13.19.44:482][  0]LogPakFile: PakFile PathHashIndexSize=101
[2025.01.27-13.19.44:482][  0]LogPakFile: PakFile FullDirectoryIndexSize=158
[2025.01.27-13.19.44:482][  0]LogShaderLibrary: Display: ShaderCodeLibraryPakFileMountedCallback: PakFile 'D:/Program Files/Epic Games/UE_4.27/FeaturePacks/TP_VirtualRealityBP.upack' (chunk index -1, root 'root:/') mounted
[2025.01.27-13.19.44:482][  0]LogShaderLibrary: Display: ShaderCodeLibraryPakFileMountedCallback: pending pak file info (ChunkID:-1 Root:root:/ File:D:/Program Files/Epic Games/UE_4.27/FeaturePacks/TP_VirtualRealityBP.upack)
[2025.01.27-13.19.44:482][  0]LogPakFile: OnPakFileMounted2Time == 0.000023
[2025.01.27-13.19.44:553][  0]LogNativeClassHierarchy: Verbose: Native class hierarchy updated for 'AddContentDialog' in 0.0003 seconds. Added 0 classes and 0 folders.
[2025.01.27-13.19.44:556][  0]LogNativeClassHierarchy: Verbose: Native class hierarchy updated for 'SceneOutliner' in 0.0003 seconds. Added 2 classes and 0 folders.
[2025.01.27-13.19.44:606][  0]LogSlate: Took 0.000242 seconds to synchronously load lazily loaded font '../../../Engine/Content/Slate/Fonts/Roboto-Regular.ttf' (155K)
[2025.01.27-13.19.44:610][  0]LogSlate: Took 0.002304 seconds to synchronously load lazily loaded font '../../../Engine/Content/Editor/Slate/Fonts/FontAwesome.ttf' (139K)
[2025.01.27-13.19.44:611][  0]LogSlate: Took 0.000165 seconds to synchronously load lazily loaded font '../../../Engine/Content/Slate/Fonts/Roboto-Bold.ttf' (160K)
[2025.01.27-13.19.44:707][  0]LogRenderer: Reallocating scene render targets to support 1616x804 Format 10 NumSamples 1 (Frame:1).
[2025.01.27-13.19.44:832][  0]LogNativeClassHierarchy: Verbose: Native class hierarchy updated for 'HierarchicalLODOutliner' in 0.0002 seconds. Added 0 classes and 0 folders.
[2025.01.27-13.19.44:833][  0]LogLoad: (Engine Initialization) Total time: 9.01 seconds
[2025.01.27-13.19.44:833][  0]LogLoad: (Engine Initialization) Total Blueprint compile time: 0.00 seconds
[2025.01.27-13.19.44:869][  0]LogAssetRegistry: Asset discovery search completed in 5.7263 seconds
[2025.01.27-13.19.44:873][  0]LogCollectionManager: Fixed up redirectors for 0 collections in 0.000003 seconds (updated 0 objects)
[2025.01.27-13.19.44:877][  0]LogContentStreaming: Texture pool size now 1000 MB
[2025.01.27-13.24.09:622][942]LogSlate: Window 'About Unreal Editor' being destroyed
